2024-08-04 06:47:24  [ JavaFX Application Thread:1 ] - [ INFO ]  HelloApplication()
2024-08-04 06:47:24  [ JavaFX Application Thread:1 ] - [ INFO ]  HelloApplication()
2024-08-04 06:47:24  [ JavaFX-Launcher:2 ] - [ INFO ]  HelloApplication.init()
2024-08-04 06:47:24  [ JavaFX-Launcher:2 ] - [ INFO ]  HelloApplication.init()
2024-08-04 06:48:59  [ JavaFX Application Thread:95162 ] - [ INFO ]  别点了....
2024-08-04 06:48:59  [ JavaFX Application Thread:95162 ] - [ INFO ]  别点了....
2024-08-04 06:49:05  [ JavaFX Application Thread:100727 ] - [ INFO ]  别点了....
2024-08-04 06:49:05  [ JavaFX Application Thread:100727 ] - [ INFO ]  别点了....
2024-08-04 06:49:05  [ JavaFX Application Thread:101568 ] - [ INFO ]  HelloApplication.stop()
2024-08-04 06:49:05  [ JavaFX Application Thread:101568 ] - [ INFO ]  HelloApplication.stop()
2024-08-04 06:50:39  [ JavaFX Application Thread:0 ] - [ INFO ]  HelloApplication()
2024-08-04 06:50:39  [ JavaFX Application Thread:0 ] - [ INFO ]  HelloApplication()
2024-08-04 06:50:39  [ JavaFX-Launcher:2 ] - [ INFO ]  HelloApplication.init()
2024-08-04 06:50:39  [ JavaFX-Launcher:2 ] - [ INFO ]  HelloApplication.init()
2024-08-04 06:50:41  [ JavaFX Application Thread:1594 ] - [ INFO ]  别点了....
2024-08-04 06:50:41  [ JavaFX Application Thread:1594 ] - [ INFO ]  别点了....
2024-08-04 06:50:42  [ JavaFX Application Thread:2571 ] - [ INFO ]  HelloApplication.stop()
2024-08-04 06:50:42  [ JavaFX Application Thread:2571 ] - [ INFO ]  HelloApplication.stop()
2024-08-04 06:52:25  [ JavaFX Application Thread:0 ] - [ INFO ]  HelloApplication()
2024-08-04 06:52:25  [ JavaFX Application Thread:0 ] - [ INFO ]  HelloApplication()
2024-08-04 06:52:25  [ JavaFX-Launcher:2 ] - [ INFO ]  HelloApplication.init()
2024-08-04 06:52:25  [ JavaFX-Launcher:2 ] - [ INFO ]  HelloApplication.init()
2024-08-04 06:52:36  [ JavaFX Application Thread:11771 ] - [ INFO ]  别点了....
2024-08-04 06:52:36  [ JavaFX Application Thread:11771 ] - [ INFO ]  别点了....
2024-08-04 06:52:38  [ JavaFX Application Thread:13056 ] - [ INFO ]  HelloApplication.stop()
2024-08-04 06:52:38  [ JavaFX Application Thread:13056 ] - [ INFO ]  HelloApplication.stop()
2024-08-04 06:52:59  [ JavaFX Application Thread:0 ] - [ INFO ]  HelloApplication()
2024-08-04 06:52:59  [ JavaFX Application Thread:0 ] - [ INFO ]  HelloApplication()
2024-08-04 06:52:59  [ JavaFX-Launcher:1 ] - [ INFO ]  HelloApplication.init()
2024-08-04 06:52:59  [ JavaFX-Launcher:1 ] - [ INFO ]  HelloApplication.init()
2024-08-04 06:53:01  [ JavaFX Application Thread:2614 ] - [ INFO ]  别点了....
2024-08-04 06:53:01  [ JavaFX Application Thread:2614 ] - [ INFO ]  别点了....
2024-08-04 06:53:02  [ JavaFX Application Thread:3788 ] - [ INFO ]  HelloApplication.stop()
2024-08-04 06:53:02  [ JavaFX Application Thread:3788 ] - [ INFO ]  HelloApplication.stop()
2024-08-04 06:53:05  [ JavaFX Application Thread:0 ] - [ INFO ]  HelloApplication()
2024-08-04 06:53:05  [ JavaFX Application Thread:0 ] - [ INFO ]  HelloApplication()
2024-08-04 06:53:05  [ JavaFX-Launcher:2 ] - [ INFO ]  HelloApplication.init()
2024-08-04 06:53:05  [ JavaFX-Launcher:2 ] - [ INFO ]  HelloApplication.init()
2024-08-04 06:53:09  [ JavaFX Application Thread:3868 ] - [ INFO ]  别点了....
2024-08-04 06:53:09  [ JavaFX Application Thread:3868 ] - [ INFO ]  别点了....
2024-08-04 06:53:19  [ JavaFX Application Thread:14003 ] - [ INFO ]  HelloApplication.stop()
2024-08-04 06:53:19  [ JavaFX Application Thread:14003 ] - [ INFO ]  HelloApplication.stop()
2024-08-04 07:01:01  [ JavaFX Application Thread:0 ] - [ INFO ]  HelloApplication()
2024-08-04 07:01:01  [ JavaFX Application Thread:0 ] - [ INFO ]  HelloApplication()
2024-08-04 07:01:01  [ JavaFX-Launcher:2 ] - [ INFO ]  HelloApplication.init()
2024-08-04 07:01:01  [ JavaFX-Launcher:2 ] - [ INFO ]  HelloApplication.init()
2024-08-04 07:01:03  [ JavaFX Application Thread:1630 ] - [ INFO ]  别点了....
2024-08-04 07:01:03  [ JavaFX Application Thread:1630 ] - [ INFO ]  别点了....
2024-08-04 07:01:07  [ JavaFX Application Thread:5471 ] - [ INFO ]  HelloApplication.stop()
2024-08-04 07:01:07  [ JavaFX Application Thread:5471 ] - [ INFO ]  HelloApplication.stop()
2024-08-04 07:02:07  [ JavaFX Application Thread:0 ] - [ INFO ]  HelloApplication()
2024-08-04 07:02:07  [ JavaFX Application Thread:0 ] - [ INFO ]  HelloApplication()
2024-08-04 07:02:07  [ JavaFX-Launcher:2 ] - [ INFO ]  HelloApplication.init()
2024-08-04 07:02:07  [ JavaFX-Launcher:2 ] - [ INFO ]  HelloApplication.init()
2024-08-04 07:02:08  [ JavaFX Application Thread:1368 ] - [ INFO ]  别点了....
2024-08-04 07:02:08  [ JavaFX Application Thread:1368 ] - [ INFO ]  别点了....
2024-08-04 07:02:12  [ JavaFX Application Thread:5165 ] - [ INFO ]  HelloApplication.stop()
2024-08-04 07:02:12  [ JavaFX Application Thread:5165 ] - [ INFO ]  HelloApplication.stop()
2024-08-04 07:03:02  [ JavaFX Application Thread:0 ] - [ INFO ]  HelloApplication()
2024-08-04 07:03:02  [ JavaFX Application Thread:0 ] - [ INFO ]  HelloApplication()
2024-08-04 07:03:02  [ JavaFX-Launcher:2 ] - [ INFO ]  HelloApplication.init()
2024-08-04 07:03:02  [ JavaFX-Launcher:2 ] - [ INFO ]  HelloApplication.init()
2024-08-04 07:03:03  [ JavaFX Application Thread:976 ] - [ INFO ]  别点了....
2024-08-04 07:03:03  [ JavaFX Application Thread:976 ] - [ INFO ]  别点了....
2024-08-04 07:03:07  [ JavaFX Application Thread:5490 ] - [ INFO ]  别点了....
2024-08-04 07:03:07  [ JavaFX Application Thread:5490 ] - [ INFO ]  别点了....
2024-08-04 07:03:08  [ JavaFX Application Thread:6263 ] - [ INFO ]  HelloApplication.stop()
2024-08-04 07:03:08  [ JavaFX Application Thread:6263 ] - [ INFO ]  HelloApplication.stop()
2024-08-04 07:04:24  [ JavaFX Application Thread:0 ] - [ INFO ]  HelloApplication()
2024-08-04 07:04:24  [ JavaFX Application Thread:0 ] - [ INFO ]  HelloApplication()
2024-08-04 07:04:24  [ JavaFX-Launcher:3 ] - [ INFO ]  HelloApplication.init()
2024-08-04 07:04:24  [ JavaFX-Launcher:3 ] - [ INFO ]  HelloApplication.init()
2024-08-04 07:04:25  [ JavaFX Application Thread:1197 ] - [ INFO ]  别点了....
2024-08-04 07:04:25  [ JavaFX Application Thread:1197 ] - [ INFO ]  别点了....
2024-08-04 07:05:27  [ JavaFX Application Thread:63201 ] - [ INFO ]  别点了....
2024-08-04 07:05:27  [ JavaFX Application Thread:63201 ] - [ INFO ]  别点了....
2024-08-04 07:07:15  [ JavaFX Application Thread:170849 ] - [ INFO ]  别点了....
2024-08-04 07:07:15  [ JavaFX Application Thread:170849 ] - [ INFO ]  别点了....
2024-08-04 07:07:25  [ JavaFX Application Thread:181008 ] - [ INFO ]  HelloApplication.stop()
2024-08-04 07:07:25  [ JavaFX Application Thread:181008 ] - [ INFO ]  HelloApplication.stop()
2024-08-04 07:07:30  [ JavaFX Application Thread:0 ] - [ INFO ]  HelloApplication()
2024-08-04 07:07:30  [ JavaFX Application Thread:0 ] - [ INFO ]  HelloApplication()
2024-08-04 07:07:30  [ JavaFX-Launcher:2 ] - [ INFO ]  HelloApplication.init()
2024-08-04 07:07:30  [ JavaFX-Launcher:2 ] - [ INFO ]  HelloApplication.init()
2024-08-04 07:07:31  [ JavaFX Application Thread:1586 ] - [ INFO ]  别点了....
2024-08-04 07:07:31  [ JavaFX Application Thread:1586 ] - [ INFO ]  别点了....
2024-08-04 07:20:43  [ JavaFX Application Thread:0 ] - [ INFO ]  HelloApplication()
2024-08-04 07:20:43  [ JavaFX Application Thread:0 ] - [ INFO ]  HelloApplication()
2024-08-04 07:20:43  [ JavaFX-Launcher:3 ] - [ INFO ]  HelloApplication.init()
2024-08-04 07:20:43  [ JavaFX-Launcher:3 ] - [ INFO ]  HelloApplication.init()
2024-08-04 07:20:45  [ JavaFX Application Thread:1623 ] - [ INFO ]  别点了....
2024-08-04 07:20:45  [ JavaFX Application Thread:1623 ] - [ INFO ]  别点了....
2024-08-04 07:25:37  [ JavaFX Application Thread:0 ] - [ INFO ]  HelloApplication()
2024-08-04 07:25:37  [ JavaFX Application Thread:0 ] - [ INFO ]  HelloApplication()
2024-08-04 07:25:37  [ JavaFX-Launcher:3 ] - [ INFO ]  HelloApplication.init()
2024-08-04 07:25:37  [ JavaFX-Launcher:3 ] - [ INFO ]  HelloApplication.init()
2024-08-04 07:25:39  [ JavaFX Application Thread:1243 ] - [ INFO ]  别点了....
2024-08-04 07:25:39  [ JavaFX Application Thread:1243 ] - [ INFO ]  别点了....
2024-08-04 07:25:44  [ JavaFX Application Thread:6756 ] - [ INFO ]  别点了....
2024-08-04 07:25:44  [ JavaFX Application Thread:6756 ] - [ INFO ]  别点了....
2024-08-04 07:25:46  [ JavaFX Application Thread:8444 ] - [ INFO ]  HelloApplication.stop()
2024-08-04 07:25:46  [ JavaFX Application Thread:8444 ] - [ INFO ]  HelloApplication.stop()
2024-08-04 07:26:54  [ JavaFX Application Thread:0 ] - [ INFO ]  HelloApplication()
2024-08-04 07:26:54  [ JavaFX Application Thread:0 ] - [ INFO ]  HelloApplication()
2024-08-04 07:26:54  [ JavaFX-Launcher:2 ] - [ INFO ]  HelloApplication.init()
2024-08-04 07:26:54  [ JavaFX-Launcher:2 ] - [ INFO ]  HelloApplication.init()
2024-08-04 07:26:55  [ JavaFX Application Thread:1417 ] - [ INFO ]  别点了....
2024-08-04 07:26:55  [ JavaFX Application Thread:1417 ] - [ INFO ]  别点了....
2024-08-04 07:27:00  [ JavaFX Application Thread:6795 ] - [ INFO ]  别点了....
2024-08-04 07:27:00  [ JavaFX Application Thread:6795 ] - [ INFO ]  别点了....
2024-08-04 07:27:02  [ JavaFX Application Thread:8078 ] - [ INFO ]  HelloApplication.stop()
2024-08-04 07:27:02  [ JavaFX Application Thread:8078 ] - [ INFO ]  HelloApplication.stop()
2024-08-04 07:27:50  [ JavaFX Application Thread:1 ] - [ INFO ]  HelloApplication()
2024-08-04 07:27:50  [ JavaFX Application Thread:1 ] - [ INFO ]  HelloApplication()
2024-08-04 07:27:50  [ JavaFX-Launcher:3 ] - [ INFO ]  HelloApplication.init()
2024-08-04 07:27:50  [ JavaFX-Launcher:3 ] - [ INFO ]  HelloApplication.init()
2024-08-04 07:27:52  [ JavaFX Application Thread:1369 ] - [ INFO ]  点击关闭....
2024-08-04 07:27:52  [ JavaFX Application Thread:1369 ] - [ INFO ]  点击关闭....
2024-08-04 07:28:09  [ JavaFX Application Thread:18243 ] - [ INFO ]  HelloApplication.stop()
2024-08-04 07:28:09  [ JavaFX Application Thread:18243 ] - [ INFO ]  HelloApplication.stop()
2024-08-04 07:28:44  [ JavaFX Application Thread:0 ] - [ INFO ]  HelloApplication()
2024-08-04 07:28:44  [ JavaFX Application Thread:0 ] - [ INFO ]  HelloApplication()
2024-08-04 07:28:44  [ JavaFX-Launcher:2 ] - [ INFO ]  HelloApplication.init()
2024-08-04 07:28:44  [ JavaFX-Launcher:2 ] - [ INFO ]  HelloApplication.init()
2024-08-04 07:28:45  [ JavaFX Application Thread:987 ] - [ INFO ]  点击关闭....
2024-08-04 07:28:45  [ JavaFX Application Thread:987 ] - [ INFO ]  点击关闭....
2024-08-04 07:28:47  [ JavaFX Application Thread:3275 ] - [ INFO ]  点击关闭....
2024-08-04 07:28:47  [ JavaFX Application Thread:3275 ] - [ INFO ]  点击关闭....
2024-08-04 07:28:49  [ JavaFX Application Thread:5330 ] - [ INFO ]  点击关闭....
2024-08-04 07:28:49  [ JavaFX Application Thread:5330 ] - [ INFO ]  点击关闭....
2024-08-04 07:28:57  [ JavaFX Application Thread:13775 ] - [ INFO ]  点击关闭....
2024-08-04 07:28:57  [ JavaFX Application Thread:13775 ] - [ INFO ]  点击关闭....
2024-08-04 07:28:58  [ JavaFX Application Thread:14840 ] - [ INFO ]  HelloApplication.stop()
2024-08-04 07:28:58  [ JavaFX Application Thread:14840 ] - [ INFO ]  HelloApplication.stop()
2024-08-04 07:38:12  [ JavaFX Application Thread:0 ] - [ INFO ]  HelloApplication()
2024-08-04 07:38:12  [ JavaFX Application Thread:0 ] - [ INFO ]  HelloApplication()
2024-08-04 07:38:12  [ JavaFX-Launcher:2 ] - [ INFO ]  HelloApplication.init()
2024-08-04 07:38:12  [ JavaFX-Launcher:2 ] - [ INFO ]  HelloApplication.init()
2024-08-04 07:38:13  [ JavaFX Application Thread:1203 ] - [ INFO ]  点击关闭....
2024-08-04 07:38:13  [ JavaFX Application Thread:1203 ] - [ INFO ]  点击关闭....
2024-08-04 07:38:33  [ JavaFX Application Thread:20606 ] - [ INFO ]  点击关闭....
2024-08-04 07:38:33  [ JavaFX Application Thread:20606 ] - [ INFO ]  点击关闭....
2024-08-04 07:41:55  [ JavaFX Application Thread:223074 ] - [ INFO ]  点击关闭....
2024-08-04 07:41:55  [ JavaFX Application Thread:223074 ] - [ INFO ]  点击关闭....
2024-08-04 07:43:00  [ JavaFX Application Thread:287988 ] - [ INFO ]  点击关闭....
2024-08-04 07:43:00  [ JavaFX Application Thread:287988 ] - [ INFO ]  点击关闭....
2024-08-04 07:57:29  [ JavaFX Application Thread:0 ] - [ INFO ]  HelloApplication()
2024-08-04 07:57:29  [ JavaFX Application Thread:0 ] - [ INFO ]  HelloApplication()
2024-08-04 07:57:29  [ JavaFX-Launcher:2 ] - [ INFO ]  HelloApplication.init()
2024-08-04 07:57:29  [ JavaFX-Launcher:2 ] - [ INFO ]  HelloApplication.init()
2024-08-04 07:57:31  [ JavaFX Application Thread:1946 ] - [ INFO ]  点击关闭....
2024-08-04 07:57:31  [ JavaFX Application Thread:1946 ] - [ INFO ]  点击关闭....
2024-08-04 07:57:33  [ JavaFX Application Thread:4256 ] - [ INFO ]  点击关闭....
2024-08-04 07:57:33  [ JavaFX Application Thread:4256 ] - [ INFO ]  点击关闭....
2024-08-04 07:58:10  [ JavaFX Application Thread:0 ] - [ INFO ]  HelloApplication()
2024-08-04 07:58:10  [ JavaFX Application Thread:0 ] - [ INFO ]  HelloApplication()
2024-08-04 07:58:10  [ JavaFX-Launcher:2 ] - [ INFO ]  HelloApplication.init()
2024-08-04 07:58:10  [ JavaFX-Launcher:2 ] - [ INFO ]  HelloApplication.init()
2024-08-04 07:58:12  [ JavaFX Application Thread:1668 ] - [ INFO ]  点击关闭....
2024-08-04 07:58:12  [ JavaFX Application Thread:1668 ] - [ INFO ]  点击关闭....
2024-08-04 07:58:48  [ JavaFX Application Thread:0 ] - [ INFO ]  HelloApplication()
2024-08-04 07:58:48  [ JavaFX Application Thread:0 ] - [ INFO ]  HelloApplication()
2024-08-04 07:58:48  [ JavaFX-Launcher:2 ] - [ INFO ]  HelloApplication.init()
2024-08-04 07:58:48  [ JavaFX-Launcher:2 ] - [ INFO ]  HelloApplication.init()
2024-08-04 07:58:50  [ JavaFX Application Thread:2667 ] - [ INFO ]  点击关闭....
2024-08-04 07:58:50  [ JavaFX Application Thread:2667 ] - [ INFO ]  点击关闭....
2024-08-04 08:02:41  [ JavaFX Application Thread:0 ] - [ INFO ]  HelloApplication()
2024-08-04 08:02:41  [ JavaFX Application Thread:0 ] - [ INFO ]  HelloApplication()
2024-08-04 08:02:41  [ JavaFX-Launcher:2 ] - [ INFO ]  HelloApplication.init()
2024-08-04 08:02:41  [ JavaFX-Launcher:2 ] - [ INFO ]  HelloApplication.init()
2024-08-04 08:02:42  [ JavaFX Application Thread:1203 ] - [ INFO ]  点击关闭....
2024-08-04 08:02:42  [ JavaFX Application Thread:1203 ] - [ INFO ]  点击关闭....
2024-08-04 08:02:56  [ JavaFX Application Thread:0 ] - [ INFO ]  HelloApplication()
2024-08-04 08:02:56  [ JavaFX Application Thread:0 ] - [ INFO ]  HelloApplication()
2024-08-04 08:02:56  [ JavaFX-Launcher:2 ] - [ INFO ]  HelloApplication.init()
2024-08-04 08:02:56  [ JavaFX-Launcher:2 ] - [ INFO ]  HelloApplication.init()
2024-08-04 08:02:57  [ JavaFX Application Thread:1205 ] - [ INFO ]  点击关闭....
2024-08-04 08:02:57  [ JavaFX Application Thread:1205 ] - [ INFO ]  点击关闭....
2024-08-04 08:09:18  [ JavaFX Application Thread:0 ] - [ INFO ]  HelloApplication()
2024-08-04 08:09:18  [ JavaFX Application Thread:0 ] - [ INFO ]  HelloApplication()
2024-08-04 08:09:18  [ JavaFX-Launcher:2 ] - [ INFO ]  HelloApplication.init()
2024-08-04 08:09:18  [ JavaFX-Launcher:2 ] - [ INFO ]  HelloApplication.init()
2024-08-04 08:09:19  [ JavaFX Application Thread:1001 ] - [ INFO ]  点击关闭....
2024-08-04 08:09:19  [ JavaFX Application Thread:1001 ] - [ INFO ]  点击关闭....
2024-08-04 08:09:34  [ JavaFX Application Thread:15162 ] - [ INFO ]  点击关闭....
2024-08-04 08:09:34  [ JavaFX Application Thread:15162 ] - [ INFO ]  点击关闭....
2024-08-04 08:09:34  [ JavaFX Application Thread:16055 ] - [ INFO ]  HelloApplication.stop()
2024-08-04 08:09:34  [ JavaFX Application Thread:16055 ] - [ INFO ]  HelloApplication.stop()
2024-08-04 08:10:13  [ JavaFX Application Thread:1 ] - [ INFO ]  HelloApplication()
2024-08-04 08:10:13  [ JavaFX Application Thread:1 ] - [ INFO ]  HelloApplication()
2024-08-04 08:10:13  [ JavaFX-Launcher:3 ] - [ INFO ]  HelloApplication.init()
2024-08-04 08:10:13  [ JavaFX-Launcher:3 ] - [ INFO ]  HelloApplication.init()
2024-08-04 08:10:16  [ JavaFX Application Thread:2994 ] - [ INFO ]  点击关闭....
2024-08-04 08:10:16  [ JavaFX Application Thread:2994 ] - [ INFO ]  点击关闭....
2024-08-04 08:10:35  [ JavaFX Application Thread:21857 ] - [ INFO ]  点击关闭....
2024-08-04 08:10:35  [ JavaFX Application Thread:21857 ] - [ INFO ]  点击关闭....
2024-08-04 08:10:36  [ JavaFX Application Thread:23154 ] - [ INFO ]  HelloApplication.stop()
2024-08-04 08:10:36  [ JavaFX Application Thread:23154 ] - [ INFO ]  HelloApplication.stop()
2024-08-04 08:10:45  [ JavaFX Application Thread:0 ] - [ INFO ]  HelloApplication()
2024-08-04 08:10:45  [ JavaFX Application Thread:0 ] - [ INFO ]  HelloApplication()
2024-08-04 08:10:45  [ JavaFX-Launcher:2 ] - [ INFO ]  HelloApplication.init()
2024-08-04 08:10:45  [ JavaFX-Launcher:2 ] - [ INFO ]  HelloApplication.init()
2024-08-04 08:10:47  [ JavaFX Application Thread:1447 ] - [ INFO ]  点击关闭....
2024-08-04 08:10:47  [ JavaFX Application Thread:1447 ] - [ INFO ]  点击关闭....
2024-08-04 08:11:02  [ JavaFX Application Thread:16164 ] - [ INFO ]  HelloApplication.stop()
2024-08-04 08:11:02  [ JavaFX Application Thread:16164 ] - [ INFO ]  HelloApplication.stop()
2024-08-04 08:11:57  [ JavaFX Application Thread:0 ] - [ INFO ]  HelloApplication()
2024-08-04 08:11:57  [ JavaFX Application Thread:0 ] - [ INFO ]  HelloApplication()
2024-08-04 08:11:57  [ JavaFX-Launcher:2 ] - [ INFO ]  HelloApplication.init()
2024-08-04 08:11:57  [ JavaFX-Launcher:2 ] - [ INFO ]  HelloApplication.init()
2024-08-04 08:11:58  [ JavaFX Application Thread:1242 ] - [ INFO ]  点击关闭....
2024-08-04 08:11:58  [ JavaFX Application Thread:1242 ] - [ INFO ]  点击关闭....
2024-08-04 08:12:17  [ JavaFX Application Thread:0 ] - [ INFO ]  HelloApplication()
2024-08-04 08:12:17  [ JavaFX Application Thread:0 ] - [ INFO ]  HelloApplication()
2024-08-04 08:12:17  [ JavaFX-Launcher:3 ] - [ INFO ]  HelloApplication.init()
2024-08-04 08:12:17  [ JavaFX-Launcher:3 ] - [ INFO ]  HelloApplication.init()
2024-08-04 08:12:18  [ JavaFX Application Thread:968 ] - [ INFO ]  点击关闭....
2024-08-04 08:12:18  [ JavaFX Application Thread:968 ] - [ INFO ]  点击关闭....
2024-08-04 08:12:32  [ JavaFX Application Thread:0 ] - [ INFO ]  HelloApplication()
2024-08-04 08:12:32  [ JavaFX Application Thread:0 ] - [ INFO ]  HelloApplication()
2024-08-04 08:12:32  [ JavaFX-Launcher:2 ] - [ INFO ]  HelloApplication.init()
2024-08-04 08:12:32  [ JavaFX-Launcher:2 ] - [ INFO ]  HelloApplication.init()
2024-08-04 08:12:33  [ JavaFX Application Thread:1576 ] - [ INFO ]  点击关闭....
2024-08-04 08:12:33  [ JavaFX Application Thread:1576 ] - [ INFO ]  点击关闭....
2024-08-04 08:12:37  [ JavaFX Application Thread:5576 ] - [ INFO ]  HelloApplication.stop()
2024-08-04 08:12:37  [ JavaFX Application Thread:5576 ] - [ INFO ]  HelloApplication.stop()
2024-08-04 08:21:02  [ JavaFX Application Thread:0 ] - [ INFO ]  HelloApplication()
2024-08-04 08:21:02  [ JavaFX Application Thread:0 ] - [ INFO ]  HelloApplication()
2024-08-04 08:21:02  [ JavaFX-Launcher:2 ] - [ INFO ]  HelloApplication.init()
2024-08-04 08:21:02  [ JavaFX-Launcher:2 ] - [ INFO ]  HelloApplication.init()
2024-08-04 08:21:03  [ JavaFX Application Thread:1111 ] - [ INFO ]  点击关闭....
2024-08-04 08:21:03  [ JavaFX Application Thread:1111 ] - [ INFO ]  点击关闭....
2024-08-04 08:24:42  [ JavaFX Application Thread:220407 ] - [ INFO ]  HelloApplication.stop()
2024-08-04 08:24:42  [ JavaFX Application Thread:220407 ] - [ INFO ]  HelloApplication.stop()
2024-08-04 08:26:37  [ JavaFX Application Thread:0 ] - [ INFO ]  HelloApplication()
2024-08-04 08:26:37  [ JavaFX Application Thread:0 ] - [ INFO ]  HelloApplication()
2024-08-04 08:26:37  [ JavaFX-Launcher:2 ] - [ INFO ]  HelloApplication.init()
2024-08-04 08:26:37  [ JavaFX-Launcher:2 ] - [ INFO ]  HelloApplication.init()
2024-08-04 08:26:38  [ JavaFX Application Thread:1138 ] - [ INFO ]  点击关闭....
2024-08-04 08:26:38  [ JavaFX Application Thread:1138 ] - [ INFO ]  点击关闭....
2024-08-04 08:26:52  [ JavaFX Application Thread:0 ] - [ INFO ]  HelloApplication()
2024-08-04 08:26:52  [ JavaFX Application Thread:0 ] - [ INFO ]  HelloApplication()
2024-08-04 08:26:52  [ JavaFX-Launcher:3 ] - [ INFO ]  HelloApplication.init()
2024-08-04 08:26:52  [ JavaFX-Launcher:3 ] - [ INFO ]  HelloApplication.init()
2024-08-04 08:26:53  [ JavaFX Application Thread:1357 ] - [ INFO ]  点击关闭....
2024-08-04 08:26:53  [ JavaFX Application Thread:1357 ] - [ INFO ]  点击关闭....
2024-08-04 08:27:01  [ JavaFX Application Thread:8653 ] - [ INFO ]  HelloApplication.stop()
2024-08-04 08:27:01  [ JavaFX Application Thread:8653 ] - [ INFO ]  HelloApplication.stop()
2024-08-04 08:28:46  [ JavaFX Application Thread:0 ] - [ INFO ]  HelloApplication()
2024-08-04 08:28:46  [ JavaFX Application Thread:0 ] - [ INFO ]  HelloApplication()
2024-08-04 08:28:46  [ JavaFX-Launcher:3 ] - [ INFO ]  HelloApplication.init()
2024-08-04 08:28:46  [ JavaFX-Launcher:3 ] - [ INFO ]  HelloApplication.init()
2024-08-04 08:28:48  [ JavaFX Application Thread:2260 ] - [ INFO ]  点击关闭....
2024-08-04 08:28:48  [ JavaFX Application Thread:2260 ] - [ INFO ]  点击关闭....
2024-08-04 08:41:40  [ JavaFX Application Thread:0 ] - [ INFO ]  HelloApplication()
2024-08-04 08:41:40  [ JavaFX Application Thread:0 ] - [ INFO ]  HelloApplication()
2024-08-04 08:41:40  [ JavaFX-Launcher:3 ] - [ INFO ]  HelloApplication.init()
2024-08-04 08:41:40  [ JavaFX-Launcher:3 ] - [ INFO ]  HelloApplication.init()
2024-08-04 08:41:41  [ JavaFX Application Thread:1231 ] - [ INFO ]  点击关闭....
2024-08-04 08:41:41  [ JavaFX Application Thread:1231 ] - [ INFO ]  点击关闭....
2024-08-04 08:41:47  [ JavaFX Application Thread:6759 ] - [ INFO ]  点击关闭....
2024-08-04 08:41:47  [ JavaFX Application Thread:6759 ] - [ INFO ]  点击关闭....
2024-08-04 08:41:48  [ JavaFX Application Thread:7847 ] - [ INFO ]  HelloApplication.stop()
2024-08-04 08:41:48  [ JavaFX Application Thread:7847 ] - [ INFO ]  HelloApplication.stop()
2024-08-04 08:42:28  [ JavaFX Application Thread:0 ] - [ INFO ]  HelloApplication()
2024-08-04 08:42:28  [ JavaFX Application Thread:0 ] - [ INFO ]  HelloApplication()
2024-08-04 08:42:28  [ JavaFX-Launcher:2 ] - [ INFO ]  HelloApplication.init()
2024-08-04 08:42:28  [ JavaFX-Launcher:2 ] - [ INFO ]  HelloApplication.init()
2024-08-04 08:42:29  [ JavaFX Application Thread:1498 ] - [ INFO ]  点击关闭....
2024-08-04 08:42:29  [ JavaFX Application Thread:1498 ] - [ INFO ]  点击关闭....
2024-08-04 08:42:35  [ JavaFX Application Thread:6800 ] - [ INFO ]  HelloApplication.stop()
2024-08-04 08:42:35  [ JavaFX Application Thread:6800 ] - [ INFO ]  HelloApplication.stop()
2024-08-04 08:43:45  [ JavaFX Application Thread:0 ] - [ INFO ]  HelloApplication()
2024-08-04 08:43:45  [ JavaFX Application Thread:0 ] - [ INFO ]  HelloApplication()
2024-08-04 08:43:45  [ JavaFX-Launcher:3 ] - [ INFO ]  HelloApplication.init()
2024-08-04 08:43:45  [ JavaFX-Launcher:3 ] - [ INFO ]  HelloApplication.init()
2024-08-04 08:43:46  [ JavaFX Application Thread:984 ] - [ INFO ]  点击关闭....
2024-08-04 08:43:46  [ JavaFX Application Thread:984 ] - [ INFO ]  点击关闭....
2024-08-04 08:44:00  [ JavaFX Application Thread:15060 ] - [ INFO ]  HelloApplication.stop()
2024-08-04 08:44:00  [ JavaFX Application Thread:15060 ] - [ INFO ]  HelloApplication.stop()
2024-08-04 08:44:26  [ JavaFX Application Thread:0 ] - [ INFO ]  HelloApplication()
2024-08-04 08:44:26  [ JavaFX Application Thread:0 ] - [ INFO ]  HelloApplication()
2024-08-04 08:44:26  [ JavaFX-Launcher:3 ] - [ INFO ]  HelloApplication.init()
2024-08-04 08:44:26  [ JavaFX-Launcher:3 ] - [ INFO ]  HelloApplication.init()
2024-08-04 08:44:27  [ JavaFX Application Thread:1483 ] - [ INFO ]  点击关闭....
2024-08-04 08:44:27  [ JavaFX Application Thread:1483 ] - [ INFO ]  点击关闭....
2024-08-04 08:44:53  [ JavaFX Application Thread:0 ] - [ INFO ]  HelloApplication()
2024-08-04 08:44:53  [ JavaFX Application Thread:0 ] - [ INFO ]  HelloApplication()
2024-08-04 08:44:53  [ JavaFX-Launcher:2 ] - [ INFO ]  HelloApplication.init()
2024-08-04 08:44:53  [ JavaFX-Launcher:2 ] - [ INFO ]  HelloApplication.init()
2024-08-04 08:44:54  [ JavaFX Application Thread:1083 ] - [ INFO ]  点击关闭....
2024-08-04 08:44:54  [ JavaFX Application Thread:1083 ] - [ INFO ]  点击关闭....
2024-08-04 08:45:03  [ JavaFX Application Thread:9571 ] - [ INFO ]  HelloApplication.stop()
2024-08-04 08:45:03  [ JavaFX Application Thread:9571 ] - [ INFO ]  HelloApplication.stop()
2024-08-04 08:45:27  [ JavaFX Application Thread:0 ] - [ INFO ]  HelloApplication()
2024-08-04 08:45:27  [ JavaFX Application Thread:0 ] - [ INFO ]  HelloApplication()
2024-08-04 08:45:27  [ JavaFX-Launcher:3 ] - [ INFO ]  HelloApplication.init()
2024-08-04 08:45:27  [ JavaFX-Launcher:3 ] - [ INFO ]  HelloApplication.init()
2024-08-04 08:45:28  [ JavaFX Application Thread:1172 ] - [ INFO ]  点击关闭....
2024-08-04 08:45:28  [ JavaFX Application Thread:1172 ] - [ INFO ]  点击关闭....
2024-08-04 08:45:37  [ JavaFX Application Thread:9708 ] - [ INFO ]  点击关闭....
2024-08-04 08:45:37  [ JavaFX Application Thread:9708 ] - [ INFO ]  点击关闭....
2024-08-04 08:45:43  [ JavaFX Application Thread:16331 ] - [ INFO ]  HelloApplication.stop()
2024-08-04 08:45:43  [ JavaFX Application Thread:16331 ] - [ INFO ]  HelloApplication.stop()
2024-08-04 08:54:15  [ JavaFX Application Thread:0 ] - [ INFO ]  HelloApplication()
2024-08-04 08:54:15  [ JavaFX Application Thread:0 ] - [ INFO ]  HelloApplication()
2024-08-04 08:54:15  [ JavaFX-Launcher:3 ] - [ INFO ]  HelloApplication.init()
2024-08-04 08:54:15  [ JavaFX-Launcher:3 ] - [ INFO ]  HelloApplication.init()
2024-08-04 08:54:18  [ JavaFX Application Thread:3068 ] - [ INFO ]  点击关闭....
2024-08-04 08:54:18  [ JavaFX Application Thread:3068 ] - [ INFO ]  点击关闭....
2024-08-04 08:54:22  [ JavaFX Application Thread:7259 ] - [ INFO ]  HelloApplication.stop()
2024-08-04 08:54:22  [ JavaFX Application Thread:7259 ] - [ INFO ]  HelloApplication.stop()
2024-08-04 08:56:04  [ JavaFX Application Thread:0 ] - [ INFO ]  HelloApplication()
2024-08-04 08:56:04  [ JavaFX Application Thread:0 ] - [ INFO ]  HelloApplication()
2024-08-04 08:56:04  [ JavaFX-Launcher:3 ] - [ INFO ]  HelloApplication.init()
2024-08-04 08:56:04  [ JavaFX-Launcher:3 ] - [ INFO ]  HelloApplication.init()
2024-08-04 08:56:11  [ JavaFX Application Thread:6802 ] - [ INFO ]  点击关闭....
2024-08-04 08:56:11  [ JavaFX Application Thread:6802 ] - [ INFO ]  点击关闭....
2024-08-04 08:56:12  [ JavaFX Application Thread:8087 ] - [ INFO ]  HelloApplication.stop()
2024-08-04 08:56:12  [ JavaFX Application Thread:8087 ] - [ INFO ]  HelloApplication.stop()
2024-08-04 08:59:13  [ JavaFX Application Thread:0 ] - [ INFO ]  HelloApplication()
2024-08-04 08:59:13  [ JavaFX Application Thread:0 ] - [ INFO ]  HelloApplication()
2024-08-04 08:59:13  [ JavaFX-Launcher:2 ] - [ INFO ]  HelloApplication.init()
2024-08-04 08:59:13  [ JavaFX-Launcher:2 ] - [ INFO ]  HelloApplication.init()
2024-08-04 08:59:23  [ JavaFX Application Thread:9373 ] - [ INFO ]  点击关闭....
2024-08-04 08:59:23  [ JavaFX Application Thread:9373 ] - [ INFO ]  点击关闭....
2024-08-04 08:59:23  [ JavaFX Application Thread:10238 ] - [ INFO ]  HelloApplication.stop()
2024-08-04 08:59:23  [ JavaFX Application Thread:10238 ] - [ INFO ]  HelloApplication.stop()
2024-08-04 08:59:41  [ JavaFX Application Thread:0 ] - [ INFO ]  HelloApplication()
2024-08-04 08:59:41  [ JavaFX Application Thread:0 ] - [ INFO ]  HelloApplication()
2024-08-04 08:59:41  [ JavaFX-Launcher:2 ] - [ INFO ]  HelloApplication.init()
2024-08-04 08:59:41  [ JavaFX-Launcher:2 ] - [ INFO ]  HelloApplication.init()
2024-08-04 09:00:19  [ JavaFX Application Thread:0 ] - [ INFO ]  HelloApplication()
2024-08-04 09:00:19  [ JavaFX Application Thread:0 ] - [ INFO ]  HelloApplication()
2024-08-04 09:00:19  [ JavaFX-Launcher:3 ] - [ INFO ]  HelloApplication.init()
2024-08-04 09:00:19  [ JavaFX-Launcher:3 ] - [ INFO ]  HelloApplication.init()
2024-08-04 09:01:45  [ JavaFX Application Thread:0 ] - [ INFO ]  HelloApplication()
2024-08-04 09:01:45  [ JavaFX Application Thread:0 ] - [ INFO ]  HelloApplication()
2024-08-04 09:01:45  [ JavaFX-Launcher:4 ] - [ INFO ]  HelloApplication.init()
2024-08-04 09:01:45  [ JavaFX-Launcher:4 ] - [ INFO ]  HelloApplication.init()
2024-08-04 09:03:08  [ JavaFX Application Thread:0 ] - [ INFO ]  HelloApplication()
2024-08-04 09:03:08  [ JavaFX Application Thread:0 ] - [ INFO ]  HelloApplication()
2024-08-04 09:03:08  [ JavaFX-Launcher:2 ] - [ INFO ]  HelloApplication.init()
2024-08-04 09:03:08  [ JavaFX-Launcher:2 ] - [ INFO ]  HelloApplication.init()
2024-08-04 09:03:38  [ JavaFX Application Thread:0 ] - [ INFO ]  HelloApplication()
2024-08-04 09:03:38  [ JavaFX Application Thread:0 ] - [ INFO ]  HelloApplication()
2024-08-04 09:03:38  [ JavaFX-Launcher:2 ] - [ INFO ]  HelloApplication.init()
2024-08-04 09:03:38  [ JavaFX-Launcher:2 ] - [ INFO ]  HelloApplication.init()
2024-08-04 09:04:26  [ JavaFX Application Thread:47419 ] - [ INFO ]  点击关闭....
2024-08-04 09:04:26  [ JavaFX Application Thread:47419 ] - [ INFO ]  点击关闭....
2024-08-04 09:04:27  [ JavaFX Application Thread:48887 ] - [ INFO ]  HelloApplication.stop()
2024-08-04 09:04:27  [ JavaFX Application Thread:48887 ] - [ INFO ]  HelloApplication.stop()
2024-08-04 09:06:07  [ JavaFX Application Thread:0 ] - [ INFO ]  HelloApplication()
2024-08-04 09:06:07  [ JavaFX Application Thread:0 ] - [ INFO ]  HelloApplication()
2024-08-04 09:06:07  [ JavaFX-Launcher:2 ] - [ INFO ]  HelloApplication.init()
2024-08-04 09:06:07  [ JavaFX-Launcher:2 ] - [ INFO ]  HelloApplication.init()
2024-08-04 09:08:32  [ JavaFX Application Thread:0 ] - [ INFO ]  HelloApplication()
2024-08-04 09:08:32  [ JavaFX Application Thread:0 ] - [ INFO ]  HelloApplication()
2024-08-04 09:08:32  [ JavaFX-Launcher:3 ] - [ INFO ]  HelloApplication.init()
2024-08-04 09:08:32  [ JavaFX-Launcher:3 ] - [ INFO ]  HelloApplication.init()
2024-08-04 09:09:30  [ JavaFX Application Thread:0 ] - [ INFO ]  HelloApplication()
2024-08-04 09:09:30  [ JavaFX Application Thread:0 ] - [ INFO ]  HelloApplication()
2024-08-04 09:09:30  [ JavaFX-Launcher:2 ] - [ INFO ]  HelloApplication.init()
2024-08-04 09:09:30  [ JavaFX-Launcher:2 ] - [ INFO ]  HelloApplication.init()
2024-08-04 09:10:04  [ JavaFX Application Thread:0 ] - [ INFO ]  HelloApplication()
2024-08-04 09:10:04  [ JavaFX Application Thread:0 ] - [ INFO ]  HelloApplication()
2024-08-04 09:10:04  [ JavaFX-Launcher:3 ] - [ INFO ]  HelloApplication.init()
2024-08-04 09:10:04  [ JavaFX-Launcher:3 ] - [ INFO ]  HelloApplication.init()
2024-08-04 09:23:08  [ JavaFX Application Thread:0 ] - [ INFO ]  HelloApplication()
2024-08-04 09:23:08  [ JavaFX Application Thread:0 ] - [ INFO ]  HelloApplication()
2024-08-04 09:23:09  [ JavaFX-Launcher:2 ] - [ INFO ]  HelloApplication.init()
2024-08-04 09:23:09  [ JavaFX-Launcher:2 ] - [ INFO ]  HelloApplication.init()
2024-08-04 09:23:09  [ JavaFX Application Thread:209 ] - [ INFO ]  HelloApplication.stop()
2024-08-04 09:23:09  [ JavaFX Application Thread:209 ] - [ INFO ]  HelloApplication.stop()
2024-08-04 09:24:51  [ JavaFX Application Thread:0 ] - [ INFO ]  HelloApplication()
2024-08-04 09:24:51  [ JavaFX Application Thread:0 ] - [ INFO ]  HelloApplication()
2024-08-04 09:24:51  [ JavaFX-Launcher:2 ] - [ INFO ]  HelloApplication.init()
2024-08-04 09:24:51  [ JavaFX-Launcher:2 ] - [ INFO ]  HelloApplication.init()
2024-08-04 09:24:55  [ JavaFX Application Thread:4525 ] - [ INFO ]  点击关闭....
2024-08-04 09:24:55  [ JavaFX Application Thread:4525 ] - [ INFO ]  点击关闭....
2024-08-04 09:24:56  [ JavaFX Application Thread:5320 ] - [ INFO ]  HelloApplication.stop()
2024-08-04 09:24:56  [ JavaFX Application Thread:5320 ] - [ INFO ]  HelloApplication.stop()
2024-08-04 09:25:24  [ JavaFX Application Thread:0 ] - [ INFO ]  HelloApplication()
2024-08-04 09:25:24  [ JavaFX Application Thread:0 ] - [ INFO ]  HelloApplication()
2024-08-04 09:25:24  [ JavaFX-Launcher:3 ] - [ INFO ]  HelloApplication.init()
2024-08-04 09:25:24  [ JavaFX-Launcher:3 ] - [ INFO ]  HelloApplication.init()
2024-08-04 09:25:24  [ JavaFX Application Thread:21 ] - [ INFO ]  HelloApplication.stop()
2024-08-04 09:25:24  [ JavaFX Application Thread:21 ] - [ INFO ]  HelloApplication.stop()
2024-08-04 09:26:24  [ JavaFX Application Thread:0 ] - [ INFO ]  HelloApplication()
2024-08-04 09:26:24  [ JavaFX Application Thread:0 ] - [ INFO ]  HelloApplication()
2024-08-04 09:26:24  [ JavaFX-Launcher:3 ] - [ INFO ]  HelloApplication.init()
2024-08-04 09:26:24  [ JavaFX-Launcher:3 ] - [ INFO ]  HelloApplication.init()
2024-08-04 09:26:30  [ JavaFX Application Thread:5649 ] - [ INFO ]  点击关闭....
2024-08-04 09:26:30  [ JavaFX Application Thread:5649 ] - [ INFO ]  点击关闭....
2024-08-04 09:26:33  [ JavaFX Application Thread:8836 ] - [ INFO ]  点击关闭....
2024-08-04 09:26:33  [ JavaFX Application Thread:8836 ] - [ INFO ]  点击关闭....
2024-08-04 09:26:34  [ JavaFX Application Thread:9971 ] - [ INFO ]  HelloApplication.stop()
2024-08-04 09:26:34  [ JavaFX Application Thread:9971 ] - [ INFO ]  HelloApplication.stop()
2024-08-04 09:30:40  [ JavaFX Application Thread:0 ] - [ INFO ]  HelloApplication()
2024-08-04 09:30:40  [ JavaFX Application Thread:0 ] - [ INFO ]  HelloApplication()
2024-08-04 09:30:40  [ JavaFX-Launcher:3 ] - [ INFO ]  HelloApplication.init()
2024-08-04 09:30:40  [ JavaFX-Launcher:3 ] - [ INFO ]  HelloApplication.init()
2024-08-04 09:30:50  [ JavaFX Application Thread:9139 ] - [ INFO ]  点击关闭....
2024-08-04 09:30:50  [ JavaFX Application Thread:9139 ] - [ INFO ]  点击关闭....
2024-08-04 09:30:50  [ JavaFX Application Thread:10035 ] - [ INFO ]  HelloApplication.stop()
2024-08-04 09:30:50  [ JavaFX Application Thread:10035 ] - [ INFO ]  HelloApplication.stop()
2024-08-04 09:30:59  [ JavaFX Application Thread:0 ] - [ INFO ]  HelloApplication()
2024-08-04 09:30:59  [ JavaFX Application Thread:0 ] - [ INFO ]  HelloApplication()
2024-08-04 09:30:59  [ JavaFX-Launcher:1 ] - [ INFO ]  HelloApplication.init()
2024-08-04 09:30:59  [ JavaFX-Launcher:1 ] - [ INFO ]  HelloApplication.init()
2024-08-04 09:31:08  [ JavaFX Application Thread:8842 ] - [ INFO ]  点击关闭....
2024-08-04 09:31:08  [ JavaFX Application Thread:8842 ] - [ INFO ]  点击关闭....
2024-08-04 09:31:08  [ JavaFX Application Thread:9655 ] - [ INFO ]  HelloApplication.stop()
2024-08-04 09:31:08  [ JavaFX Application Thread:9655 ] - [ INFO ]  HelloApplication.stop()
2024-08-04 09:31:22  [ JavaFX Application Thread:0 ] - [ INFO ]  HelloApplication()
2024-08-04 09:31:22  [ JavaFX Application Thread:0 ] - [ INFO ]  HelloApplication()
2024-08-04 09:31:22  [ JavaFX-Launcher:2 ] - [ INFO ]  HelloApplication.init()
2024-08-04 09:31:22  [ JavaFX-Launcher:2 ] - [ INFO ]  HelloApplication.init()
2024-08-04 09:31:50  [ JavaFX Application Thread:27997 ] - [ INFO ]  点击关闭....
2024-08-04 09:31:50  [ JavaFX Application Thread:27997 ] - [ INFO ]  点击关闭....
2024-08-04 09:31:51  [ JavaFX Application Thread:28937 ] - [ INFO ]  HelloApplication.stop()
2024-08-04 09:31:51  [ JavaFX Application Thread:28937 ] - [ INFO ]  HelloApplication.stop()
2024-08-04 09:32:29  [ JavaFX Application Thread:0 ] - [ INFO ]  HelloApplication()
2024-08-04 09:32:29  [ JavaFX Application Thread:0 ] - [ INFO ]  HelloApplication()
2024-08-04 09:32:29  [ JavaFX-Launcher:2 ] - [ INFO ]  HelloApplication.init()
2024-08-04 09:32:29  [ JavaFX-Launcher:2 ] - [ INFO ]  HelloApplication.init()
2024-08-04 09:32:31  [ JavaFX Application Thread:2202 ] - [ INFO ]  点击关闭....
2024-08-04 09:32:31  [ JavaFX Application Thread:2202 ] - [ INFO ]  点击关闭....
2024-08-04 09:32:32  [ JavaFX Application Thread:3121 ] - [ INFO ]  HelloApplication.stop()
2024-08-04 09:32:32  [ JavaFX Application Thread:3121 ] - [ INFO ]  HelloApplication.stop()
2024-08-04 09:32:48  [ JavaFX Application Thread:0 ] - [ INFO ]  HelloApplication()
2024-08-04 09:32:48  [ JavaFX Application Thread:0 ] - [ INFO ]  HelloApplication()
2024-08-04 09:32:48  [ JavaFX-Launcher:3 ] - [ INFO ]  HelloApplication.init()
2024-08-04 09:32:48  [ JavaFX-Launcher:3 ] - [ INFO ]  HelloApplication.init()
2024-08-04 09:32:50  [ JavaFX Application Thread:2022 ] - [ INFO ]  点击关闭....
2024-08-04 09:32:50  [ JavaFX Application Thread:2022 ] - [ INFO ]  点击关闭....
2024-08-04 09:32:50  [ JavaFX Application Thread:2512 ] - [ INFO ]  HelloApplication.stop()
2024-08-04 09:32:50  [ JavaFX Application Thread:2512 ] - [ INFO ]  HelloApplication.stop()
2024-08-04 09:32:57  [ JavaFX Application Thread:0 ] - [ INFO ]  HelloApplication()
2024-08-04 09:32:57  [ JavaFX Application Thread:0 ] - [ INFO ]  HelloApplication()
2024-08-04 09:32:57  [ JavaFX-Launcher:3 ] - [ INFO ]  HelloApplication.init()
2024-08-04 09:32:57  [ JavaFX-Launcher:3 ] - [ INFO ]  HelloApplication.init()
2024-08-04 09:33:06  [ JavaFX Application Thread:9283 ] - [ INFO ]  点击关闭....
2024-08-04 09:33:06  [ JavaFX Application Thread:9283 ] - [ INFO ]  点击关闭....
2024-08-04 09:33:07  [ JavaFX Application Thread:10149 ] - [ INFO ]  HelloApplication.stop()
2024-08-04 09:33:07  [ JavaFX Application Thread:10149 ] - [ INFO ]  HelloApplication.stop()
2024-08-04 09:33:37  [ JavaFX Application Thread:0 ] - [ INFO ]  HelloApplication()
2024-08-04 09:33:37  [ JavaFX Application Thread:0 ] - [ INFO ]  HelloApplication()
2024-08-04 09:33:37  [ JavaFX-Launcher:3 ] - [ INFO ]  HelloApplication.init()
2024-08-04 09:33:37  [ JavaFX-Launcher:3 ] - [ INFO ]  HelloApplication.init()
2024-08-04 09:33:38  [ JavaFX Application Thread:1630 ] - [ INFO ]  点击关闭....
2024-08-04 09:33:38  [ JavaFX Application Thread:1630 ] - [ INFO ]  点击关闭....
2024-08-04 09:33:39  [ JavaFX Application Thread:2152 ] - [ INFO ]  HelloApplication.stop()
2024-08-04 09:33:39  [ JavaFX Application Thread:2152 ] - [ INFO ]  HelloApplication.stop()
2024-08-04 09:33:45  [ JavaFX Application Thread:1 ] - [ INFO ]  HelloApplication()
2024-08-04 09:33:45  [ JavaFX Application Thread:1 ] - [ INFO ]  HelloApplication()
2024-08-04 09:33:45  [ JavaFX-Launcher:2 ] - [ INFO ]  HelloApplication.init()
2024-08-04 09:33:45  [ JavaFX-Launcher:2 ] - [ INFO ]  HelloApplication.init()
2024-08-04 09:33:50  [ JavaFX Application Thread:4478 ] - [ INFO ]  点击关闭....
2024-08-04 09:33:50  [ JavaFX Application Thread:4478 ] - [ INFO ]  点击关闭....
2024-08-04 09:33:51  [ JavaFX Application Thread:5517 ] - [ INFO ]  HelloApplication.stop()
2024-08-04 09:33:51  [ JavaFX Application Thread:5517 ] - [ INFO ]  HelloApplication.stop()
2024-08-04 09:40:36  [ JavaFX Application Thread:0 ] - [ INFO ]  HelloApplication()
2024-08-04 09:40:36  [ JavaFX Application Thread:0 ] - [ INFO ]  HelloApplication()
2024-08-04 09:40:36  [ JavaFX-Launcher:2 ] - [ INFO ]  HelloApplication.init()
2024-08-04 09:40:36  [ JavaFX-Launcher:2 ] - [ INFO ]  HelloApplication.init()
2024-08-04 09:40:38  [ JavaFX Application Thread:2551 ] - [ INFO ]  点击关闭....
2024-08-04 09:40:38  [ JavaFX Application Thread:2551 ] - [ INFO ]  点击关闭....
2024-08-04 09:40:39  [ JavaFX Application Thread:3123 ] - [ INFO ]  HelloApplication.stop()
2024-08-04 09:40:39  [ JavaFX Application Thread:3123 ] - [ INFO ]  HelloApplication.stop()
2024-08-04 09:40:57  [ JavaFX Application Thread:0 ] - [ INFO ]  HelloApplication()
2024-08-04 09:40:57  [ JavaFX Application Thread:0 ] - [ INFO ]  HelloApplication()
2024-08-04 09:40:57  [ JavaFX-Launcher:2 ] - [ INFO ]  HelloApplication.init()
2024-08-04 09:40:57  [ JavaFX-Launcher:2 ] - [ INFO ]  HelloApplication.init()
2024-08-04 09:41:00  [ JavaFX Application Thread:2663 ] - [ INFO ]  点击关闭....
2024-08-04 09:41:00  [ JavaFX Application Thread:2663 ] - [ INFO ]  点击关闭....
2024-08-04 09:41:00  [ JavaFX Application Thread:2950 ] - [ INFO ]  HelloApplication.stop()
2024-08-04 09:41:00  [ JavaFX Application Thread:2950 ] - [ INFO ]  HelloApplication.stop()
2024-08-04 09:57:00  [ JavaFX Application Thread:0 ] - [ INFO ]  HelloApplication()
2024-08-04 09:57:00  [ JavaFX Application Thread:0 ] - [ INFO ]  HelloApplication()
2024-08-04 09:57:00  [ JavaFX-Launcher:2 ] - [ INFO ]  HelloApplication.init()
2024-08-04 09:57:00  [ JavaFX-Launcher:2 ] - [ INFO ]  HelloApplication.init()
2024-08-04 09:57:00  [ JavaFX Application Thread:58 ] - [ INFO ]  HelloApplication.stop()
2024-08-04 09:57:00  [ JavaFX Application Thread:58 ] - [ INFO ]  HelloApplication.stop()
2024-08-04 09:59:26  [ JavaFX Application Thread:0 ] - [ INFO ]  HelloApplication()
2024-08-04 09:59:26  [ JavaFX Application Thread:0 ] - [ INFO ]  HelloApplication()
2024-08-04 09:59:26  [ JavaFX-Launcher:3 ] - [ INFO ]  HelloApplication.init()
2024-08-04 09:59:26  [ JavaFX-Launcher:3 ] - [ INFO ]  HelloApplication.init()
2024-08-04 09:59:26  [ JavaFX Application Thread:60 ] - [ INFO ]  HelloApplication.stop()
2024-08-04 09:59:26  [ JavaFX Application Thread:60 ] - [ INFO ]  HelloApplication.stop()
2024-08-04 09:59:48  [ JavaFX Application Thread:0 ] - [ INFO ]  HelloApplication()
2024-08-04 09:59:48  [ JavaFX Application Thread:0 ] - [ INFO ]  HelloApplication()
2024-08-04 09:59:48  [ JavaFX-Launcher:2 ] - [ INFO ]  HelloApplication.init()
2024-08-04 09:59:48  [ JavaFX-Launcher:2 ] - [ INFO ]  HelloApplication.init()
2024-08-04 09:59:49  [ JavaFX Application Thread:57 ] - [ INFO ]  HelloApplication.stop()
2024-08-04 09:59:49  [ JavaFX Application Thread:57 ] - [ INFO ]  HelloApplication.stop()
2024-08-04 10:00:21  [ JavaFX Application Thread:0 ] - [ INFO ]  HelloApplication()
2024-08-04 10:00:21  [ JavaFX Application Thread:0 ] - [ INFO ]  HelloApplication()
2024-08-04 10:00:21  [ JavaFX-Launcher:3 ] - [ INFO ]  HelloApplication.init()
2024-08-04 10:00:21  [ JavaFX-Launcher:3 ] - [ INFO ]  HelloApplication.init()
2024-08-04 10:00:35  [ JavaFX Application Thread:14904 ] - [ INFO ]  HelloApplication.stop()
2024-08-04 10:00:35  [ JavaFX Application Thread:14904 ] - [ INFO ]  HelloApplication.stop()
2024-08-04 10:02:46  [ JavaFX Application Thread:0 ] - [ INFO ]  HelloApplication()
2024-08-04 10:02:46  [ JavaFX Application Thread:0 ] - [ INFO ]  HelloApplication()
2024-08-04 10:02:46  [ JavaFX-Launcher:3 ] - [ INFO ]  HelloApplication.init()
2024-08-04 10:02:46  [ JavaFX-Launcher:3 ] - [ INFO ]  HelloApplication.init()
2024-08-04 10:02:46  [ JavaFX Application Thread:55 ] - [ INFO ]  HelloApplication.stop()
2024-08-04 10:02:46  [ JavaFX Application Thread:55 ] - [ INFO ]  HelloApplication.stop()
2024-08-04 10:02:58  [ JavaFX Application Thread:0 ] - [ INFO ]  HelloApplication()
2024-08-04 10:02:58  [ JavaFX Application Thread:0 ] - [ INFO ]  HelloApplication()
2024-08-04 10:02:58  [ JavaFX-Launcher:3 ] - [ INFO ]  HelloApplication.init()
2024-08-04 10:02:58  [ JavaFX-Launcher:3 ] - [ INFO ]  HelloApplication.init()
2024-08-04 10:03:30  [ JavaFX Application Thread:31361 ] - [ INFO ]  HelloApplication.stop()
2024-08-04 10:03:30  [ JavaFX Application Thread:31361 ] - [ INFO ]  HelloApplication.stop()
2024-08-04 10:03:45  [ JavaFX Application Thread:0 ] - [ INFO ]  HelloApplication()
2024-08-04 10:03:45  [ JavaFX Application Thread:0 ] - [ INFO ]  HelloApplication()
2024-08-04 10:03:45  [ JavaFX-Launcher:3 ] - [ INFO ]  HelloApplication.init()
2024-08-04 10:03:45  [ JavaFX-Launcher:3 ] - [ INFO ]  HelloApplication.init()
2024-08-04 10:03:45  [ JavaFX Application Thread:53 ] - [ INFO ]  HelloApplication.stop()
2024-08-04 10:03:45  [ JavaFX Application Thread:53 ] - [ INFO ]  HelloApplication.stop()
2024-08-04 10:04:07  [ JavaFX Application Thread:0 ] - [ INFO ]  HelloApplication()
2024-08-04 10:04:07  [ JavaFX Application Thread:0 ] - [ INFO ]  HelloApplication()
2024-08-04 10:04:07  [ JavaFX-Launcher:2 ] - [ INFO ]  HelloApplication.init()
2024-08-04 10:04:07  [ JavaFX-Launcher:2 ] - [ INFO ]  HelloApplication.init()
2024-08-04 10:04:19  [ JavaFX Application Thread:12450 ] - [ INFO ]  HelloApplication.stop()
2024-08-04 10:04:19  [ JavaFX Application Thread:12450 ] - [ INFO ]  HelloApplication.stop()
2024-08-04 10:05:42  [ JavaFX Application Thread:0 ] - [ INFO ]  HelloApplication()
2024-08-04 10:05:42  [ JavaFX Application Thread:0 ] - [ INFO ]  HelloApplication()
2024-08-04 10:05:42  [ JavaFX-Launcher:2 ] - [ INFO ]  HelloApplication.init()
2024-08-04 10:05:42  [ JavaFX-Launcher:2 ] - [ INFO ]  HelloApplication.init()
2024-08-04 10:05:50  [ JavaFX Application Thread:8247 ] - [ INFO ]  HelloApplication.stop()
2024-08-04 10:05:50  [ JavaFX Application Thread:8247 ] - [ INFO ]  HelloApplication.stop()
2024-08-04 10:06:08  [ JavaFX Application Thread:0 ] - [ INFO ]  HelloApplication()
2024-08-04 10:06:08  [ JavaFX Application Thread:0 ] - [ INFO ]  HelloApplication()
2024-08-04 10:06:08  [ JavaFX-Launcher:2 ] - [ INFO ]  HelloApplication.init()
2024-08-04 10:06:08  [ JavaFX-Launcher:2 ] - [ INFO ]  HelloApplication.init()
2024-08-04 10:06:11  [ JavaFX Application Thread:3330 ] - [ INFO ]  HelloApplication.stop()
2024-08-04 10:06:11  [ JavaFX Application Thread:3330 ] - [ INFO ]  HelloApplication.stop()
2024-08-04 10:06:20  [ JavaFX Application Thread:0 ] - [ INFO ]  HelloApplication()
2024-08-04 10:06:20  [ JavaFX Application Thread:0 ] - [ INFO ]  HelloApplication()
2024-08-04 10:06:20  [ JavaFX-Launcher:2 ] - [ INFO ]  HelloApplication.init()
2024-08-04 10:06:20  [ JavaFX-Launcher:2 ] - [ INFO ]  HelloApplication.init()
2024-08-04 10:06:21  [ JavaFX Application Thread:1923 ] - [ INFO ]  HelloApplication.stop()
2024-08-04 10:06:21  [ JavaFX Application Thread:1923 ] - [ INFO ]  HelloApplication.stop()
2024-08-04 10:06:31  [ JavaFX Application Thread:0 ] - [ INFO ]  HelloApplication()
2024-08-04 10:06:31  [ JavaFX Application Thread:0 ] - [ INFO ]  HelloApplication()
2024-08-04 10:06:31  [ JavaFX-Launcher:3 ] - [ INFO ]  HelloApplication.init()
2024-08-04 10:06:31  [ JavaFX-Launcher:3 ] - [ INFO ]  HelloApplication.init()
2024-08-04 10:07:00  [ JavaFX Application Thread:29487 ] - [ INFO ]  HelloApplication.stop()
2024-08-04 10:07:00  [ JavaFX Application Thread:29487 ] - [ INFO ]  HelloApplication.stop()
2024-08-04 10:07:56  [ JavaFX Application Thread:0 ] - [ INFO ]  HelloApplication()
2024-08-04 10:07:56  [ JavaFX Application Thread:0 ] - [ INFO ]  HelloApplication()
2024-08-04 10:07:56  [ JavaFX-Launcher:2 ] - [ INFO ]  HelloApplication.init()
2024-08-04 10:07:56  [ JavaFX-Launcher:2 ] - [ INFO ]  HelloApplication.init()
2024-08-04 10:08:07  [ JavaFX Application Thread:11634 ] - [ INFO ]  HelloApplication.stop()
2024-08-04 10:08:07  [ JavaFX Application Thread:11634 ] - [ INFO ]  HelloApplication.stop()
2024-08-04 10:08:19  [ JavaFX Application Thread:0 ] - [ INFO ]  HelloApplication()
2024-08-04 10:08:19  [ JavaFX Application Thread:0 ] - [ INFO ]  HelloApplication()
2024-08-04 10:08:19  [ JavaFX-Launcher:2 ] - [ INFO ]  HelloApplication.init()
2024-08-04 10:08:19  [ JavaFX-Launcher:2 ] - [ INFO ]  HelloApplication.init()
2024-08-04 10:08:21  [ JavaFX Application Thread:2669 ] - [ INFO ]  HelloApplication.stop()
2024-08-04 10:08:21  [ JavaFX Application Thread:2669 ] - [ INFO ]  HelloApplication.stop()
2024-08-04 10:09:01  [ JavaFX Application Thread:0 ] - [ INFO ]  HelloApplication()
2024-08-04 10:09:01  [ JavaFX Application Thread:0 ] - [ INFO ]  HelloApplication()
2024-08-04 10:09:01  [ JavaFX-Launcher:2 ] - [ INFO ]  HelloApplication.init()
2024-08-04 10:09:01  [ JavaFX-Launcher:2 ] - [ INFO ]  HelloApplication.init()
2024-08-04 10:09:01  [ JavaFX Application Thread:54 ] - [ INFO ]  HelloApplication.stop()
2024-08-04 10:09:01  [ JavaFX Application Thread:54 ] - [ INFO ]  HelloApplication.stop()
2024-08-04 10:10:36  [ JavaFX Application Thread:0 ] - [ INFO ]  HelloApplication()
2024-08-04 10:10:36  [ JavaFX Application Thread:0 ] - [ INFO ]  HelloApplication()
2024-08-04 10:10:36  [ JavaFX-Launcher:2 ] - [ INFO ]  HelloApplication.init()
2024-08-04 10:10:36  [ JavaFX-Launcher:2 ] - [ INFO ]  HelloApplication.init()
2024-08-04 10:10:36  [ JavaFX Application Thread:53 ] - [ INFO ]  HelloApplication.stop()
2024-08-04 10:10:36  [ JavaFX Application Thread:53 ] - [ INFO ]  HelloApplication.stop()
2024-08-04 10:12:55  [ JavaFX Application Thread:0 ] - [ INFO ]  HelloApplication()
2024-08-04 10:12:55  [ JavaFX Application Thread:0 ] - [ INFO ]  HelloApplication()
2024-08-04 10:12:55  [ JavaFX-Launcher:3 ] - [ INFO ]  HelloApplication.init()
2024-08-04 10:12:55  [ JavaFX-Launcher:3 ] - [ INFO ]  HelloApplication.init()
2024-08-04 10:13:20  [ JavaFX Application Thread:25479 ] - [ INFO ]  HelloApplication.stop()
2024-08-04 10:13:20  [ JavaFX Application Thread:25479 ] - [ INFO ]  HelloApplication.stop()
2024-08-04 10:14:18  [ JavaFX Application Thread:0 ] - [ INFO ]  HelloApplication()
2024-08-04 10:14:18  [ JavaFX Application Thread:0 ] - [ INFO ]  HelloApplication()
2024-08-04 10:14:18  [ JavaFX-Launcher:2 ] - [ INFO ]  HelloApplication.init()
2024-08-04 10:14:18  [ JavaFX-Launcher:2 ] - [ INFO ]  HelloApplication.init()
2024-08-04 10:14:23  [ JavaFX Application Thread:4569 ] - [ INFO ]  HelloApplication.stop()
2024-08-04 10:14:23  [ JavaFX Application Thread:4569 ] - [ INFO ]  HelloApplication.stop()
2024-08-04 10:14:32  [ JavaFX Application Thread:0 ] - [ INFO ]  HelloApplication()
2024-08-04 10:14:32  [ JavaFX Application Thread:0 ] - [ INFO ]  HelloApplication()
2024-08-04 10:14:32  [ JavaFX-Launcher:3 ] - [ INFO ]  HelloApplication.init()
2024-08-04 10:14:32  [ JavaFX-Launcher:3 ] - [ INFO ]  HelloApplication.init()
2024-08-04 10:14:34  [ JavaFX Application Thread:2244 ] - [ INFO ]  HelloApplication.stop()
2024-08-04 10:14:34  [ JavaFX Application Thread:2244 ] - [ INFO ]  HelloApplication.stop()
2024-08-04 10:18:01  [ JavaFX Application Thread:0 ] - [ INFO ]  HelloApplication()
2024-08-04 10:18:01  [ JavaFX Application Thread:0 ] - [ INFO ]  HelloApplication()
2024-08-04 10:18:01  [ JavaFX-Launcher:2 ] - [ INFO ]  HelloApplication.init()
2024-08-04 10:18:01  [ JavaFX-Launcher:2 ] - [ INFO ]  HelloApplication.init()
2024-08-04 10:18:27  [ JavaFX Application Thread:25477 ] - [ INFO ]  HelloApplication.stop()
2024-08-04 10:18:27  [ JavaFX Application Thread:25477 ] - [ INFO ]  HelloApplication.stop()
2024-08-04 10:19:24  [ JavaFX Application Thread:0 ] - [ INFO ]  HelloApplication()
2024-08-04 10:19:24  [ JavaFX Application Thread:0 ] - [ INFO ]  HelloApplication()
2024-08-04 10:19:24  [ JavaFX-Launcher:2 ] - [ INFO ]  HelloApplication.init()
2024-08-04 10:19:24  [ JavaFX-Launcher:2 ] - [ INFO ]  HelloApplication.init()
2024-08-04 10:19:52  [ JavaFX Application Thread:28389 ] - [ INFO ]  HelloApplication.stop()
2024-08-04 10:19:52  [ JavaFX Application Thread:28389 ] - [ INFO ]  HelloApplication.stop()
2024-08-04 10:20:55  [ JavaFX Application Thread:0 ] - [ INFO ]  HelloApplication()
2024-08-04 10:20:55  [ JavaFX Application Thread:0 ] - [ INFO ]  HelloApplication()
2024-08-04 10:20:55  [ JavaFX-Launcher:2 ] - [ INFO ]  HelloApplication.init()
2024-08-04 10:20:55  [ JavaFX-Launcher:2 ] - [ INFO ]  HelloApplication.init()
2024-08-04 10:20:57  [ JavaFX Application Thread:1683 ] - [ INFO ]  HelloApplication.stop()
2024-08-04 10:20:57  [ JavaFX Application Thread:1683 ] - [ INFO ]  HelloApplication.stop()
2024-08-04 10:21:04  [ JavaFX Application Thread:0 ] - [ INFO ]  HelloApplication()
2024-08-04 10:21:04  [ JavaFX Application Thread:0 ] - [ INFO ]  HelloApplication()
2024-08-04 10:21:04  [ JavaFX-Launcher:3 ] - [ INFO ]  HelloApplication.init()
2024-08-04 10:21:04  [ JavaFX-Launcher:3 ] - [ INFO ]  HelloApplication.init()
2024-08-04 10:21:29  [ JavaFX Application Thread:25246 ] - [ INFO ]  HelloApplication.stop()
2024-08-04 10:21:29  [ JavaFX Application Thread:25246 ] - [ INFO ]  HelloApplication.stop()
2024-08-04 10:21:44  [ JavaFX Application Thread:0 ] - [ INFO ]  HelloApplication()
2024-08-04 10:21:44  [ JavaFX Application Thread:0 ] - [ INFO ]  HelloApplication()
2024-08-04 10:21:44  [ JavaFX-Launcher:2 ] - [ INFO ]  HelloApplication.init()
2024-08-04 10:21:44  [ JavaFX-Launcher:2 ] - [ INFO ]  HelloApplication.init()
2024-08-04 10:21:49  [ JavaFX Application Thread:5518 ] - [ INFO ]  HelloApplication.stop()
2024-08-04 10:21:49  [ JavaFX Application Thread:5518 ] - [ INFO ]  HelloApplication.stop()
2024-08-04 10:22:20  [ JavaFX Application Thread:0 ] - [ INFO ]  HelloApplication()
2024-08-04 10:22:20  [ JavaFX Application Thread:0 ] - [ INFO ]  HelloApplication()
2024-08-04 10:22:20  [ JavaFX-Launcher:2 ] - [ INFO ]  HelloApplication.init()
2024-08-04 10:22:20  [ JavaFX-Launcher:2 ] - [ INFO ]  HelloApplication.init()
2024-08-04 10:22:27  [ JavaFX Application Thread:7183 ] - [ INFO ]  HelloApplication.stop()
2024-08-04 10:22:27  [ JavaFX Application Thread:7183 ] - [ INFO ]  HelloApplication.stop()
2024-08-04 10:25:52  [ JavaFX Application Thread:0 ] - [ INFO ]  HelloApplication()
2024-08-04 10:25:52  [ JavaFX Application Thread:0 ] - [ INFO ]  HelloApplication()
2024-08-04 10:25:52  [ JavaFX-Launcher:2 ] - [ INFO ]  HelloApplication.init()
2024-08-04 10:25:52  [ JavaFX-Launcher:2 ] - [ INFO ]  HelloApplication.init()
2024-08-04 10:25:52  [ JavaFX Application Thread:91 ] - [ INFO ]  HelloApplication.stop()
2024-08-04 10:25:52  [ JavaFX Application Thread:91 ] - [ INFO ]  HelloApplication.stop()
2024-08-04 10:29:35  [ JavaFX Application Thread:0 ] - [ INFO ]  HelloApplication()
2024-08-04 10:29:35  [ JavaFX Application Thread:0 ] - [ INFO ]  HelloApplication()
2024-08-04 10:29:35  [ JavaFX-Launcher:2 ] - [ INFO ]  HelloApplication.init()
2024-08-04 10:29:35  [ JavaFX-Launcher:2 ] - [ INFO ]  HelloApplication.init()
2024-08-04 10:29:35  [ JavaFX Application Thread:70 ] - [ INFO ]  HelloApplication.stop()
2024-08-04 10:29:35  [ JavaFX Application Thread:70 ] - [ INFO ]  HelloApplication.stop()
2024-08-04 10:30:11  [ JavaFX Application Thread:0 ] - [ INFO ]  HelloApplication()
2024-08-04 10:30:11  [ JavaFX Application Thread:0 ] - [ INFO ]  HelloApplication()
2024-08-04 10:30:11  [ JavaFX-Launcher:2 ] - [ INFO ]  HelloApplication.init()
2024-08-04 10:30:11  [ JavaFX-Launcher:2 ] - [ INFO ]  HelloApplication.init()
2024-08-04 10:30:12  [ JavaFX Application Thread:97 ] - [ INFO ]  HelloApplication.stop()
2024-08-04 10:30:12  [ JavaFX Application Thread:97 ] - [ INFO ]  HelloApplication.stop()
2024-08-04 10:30:19  [ JavaFX Application Thread:0 ] - [ INFO ]  HelloApplication()
2024-08-04 10:30:19  [ JavaFX Application Thread:0 ] - [ INFO ]  HelloApplication()
2024-08-04 10:30:19  [ JavaFX-Launcher:3 ] - [ INFO ]  HelloApplication.init()
2024-08-04 10:30:19  [ JavaFX-Launcher:3 ] - [ INFO ]  HelloApplication.init()
2024-08-04 10:30:30  [ JavaFX Application Thread:10678 ] - [ INFO ]  HelloApplication.stop()
2024-08-04 10:30:30  [ JavaFX Application Thread:10678 ] - [ INFO ]  HelloApplication.stop()
2024-08-04 10:30:32  [ JavaFX Application Thread:0 ] - [ INFO ]  HelloApplication()
2024-08-04 10:30:32  [ JavaFX Application Thread:0 ] - [ INFO ]  HelloApplication()
2024-08-04 10:30:32  [ JavaFX-Launcher:3 ] - [ INFO ]  HelloApplication.init()
2024-08-04 10:30:32  [ JavaFX-Launcher:3 ] - [ INFO ]  HelloApplication.init()
2024-08-04 10:31:26  [ JavaFX Application Thread:53659 ] - [ INFO ]  HelloApplication.stop()
2024-08-04 10:31:26  [ JavaFX Application Thread:53659 ] - [ INFO ]  HelloApplication.stop()
2024-08-04 10:31:52  [ JavaFX Application Thread:0 ] - [ INFO ]  HelloApplication()
2024-08-04 10:31:52  [ JavaFX Application Thread:0 ] - [ INFO ]  HelloApplication()
2024-08-04 10:31:52  [ JavaFX-Launcher:2 ] - [ INFO ]  HelloApplication.init()
2024-08-04 10:31:52  [ JavaFX-Launcher:2 ] - [ INFO ]  HelloApplication.init()
2024-08-04 10:31:53  [ JavaFX Application Thread:760 ] - [ INFO ]  HelloApplication.stop()
2024-08-04 10:31:53  [ JavaFX Application Thread:760 ] - [ INFO ]  HelloApplication.stop()
2024-08-04 10:32:56  [ JavaFX Application Thread:0 ] - [ INFO ]  HelloApplication()
2024-08-04 10:32:56  [ JavaFX Application Thread:0 ] - [ INFO ]  HelloApplication()
2024-08-04 10:32:56  [ JavaFX-Launcher:2 ] - [ INFO ]  HelloApplication.init()
2024-08-04 10:32:56  [ JavaFX-Launcher:2 ] - [ INFO ]  HelloApplication.init()
2024-08-04 10:40:10  [ JavaFX Application Thread:0 ] - [ INFO ]  HelloApplication()
2024-08-04 10:40:10  [ JavaFX Application Thread:0 ] - [ INFO ]  HelloApplication()
2024-08-04 10:40:10  [ JavaFX-Launcher:2 ] - [ INFO ]  HelloApplication.init()
2024-08-04 10:40:10  [ JavaFX-Launcher:2 ] - [ INFO ]  HelloApplication.init()
2024-08-04 10:40:31  [ JavaFX Application Thread:20765 ] - [ INFO ]  点击关闭....
2024-08-04 10:40:31  [ JavaFX Application Thread:20765 ] - [ INFO ]  点击关闭....
2024-08-04 10:40:33  [ JavaFX Application Thread:22924 ] - [ INFO ]  点击关闭....
2024-08-04 10:40:33  [ JavaFX Application Thread:22924 ] - [ INFO ]  点击关闭....
2024-08-04 10:40:35  [ JavaFX Application Thread:24381 ] - [ INFO ]  HelloApplication.stop()
2024-08-04 10:40:35  [ JavaFX Application Thread:24381 ] - [ INFO ]  HelloApplication.stop()
2024-08-04 11:18:28  [ JavaFX Application Thread:0 ] - [ INFO ]  HelloApplication()
2024-08-04 11:18:28  [ JavaFX Application Thread:0 ] - [ INFO ]  HelloApplication()
2024-08-04 11:18:28  [ JavaFX-Launcher:2 ] - [ INFO ]  HelloApplication.init()
2024-08-04 11:18:28  [ JavaFX-Launcher:2 ] - [ INFO ]  HelloApplication.init()
2024-08-04 11:18:36  [ JavaFX Application Thread:8483 ] - [ INFO ]  点击关闭....
2024-08-04 11:18:36  [ JavaFX Application Thread:8483 ] - [ INFO ]  点击关闭....
2024-08-04 11:18:37  [ JavaFX Application Thread:9186 ] - [ INFO ]  HelloApplication.stop()
2024-08-04 11:18:37  [ JavaFX Application Thread:9186 ] - [ INFO ]  HelloApplication.stop()
2024-08-04 11:19:21  [ JavaFX Application Thread:0 ] - [ INFO ]  HelloApplication()
2024-08-04 11:19:21  [ JavaFX Application Thread:0 ] - [ INFO ]  HelloApplication()
2024-08-04 11:19:21  [ JavaFX-Launcher:3 ] - [ INFO ]  HelloApplication.init()
2024-08-04 11:19:21  [ JavaFX-Launcher:3 ] - [ INFO ]  HelloApplication.init()
2024-08-04 11:19:45  [ JavaFX Application Thread:0 ] - [ INFO ]  HelloApplication()
2024-08-04 11:19:45  [ JavaFX Application Thread:0 ] - [ INFO ]  HelloApplication()
2024-08-04 11:19:45  [ JavaFX-Launcher:2 ] - [ INFO ]  HelloApplication.init()
2024-08-04 11:19:45  [ JavaFX-Launcher:2 ] - [ INFO ]  HelloApplication.init()
2024-08-04 11:20:10  [ JavaFX Application Thread:25283 ] - [ INFO ]  点击关闭....
2024-08-04 11:20:10  [ JavaFX Application Thread:25283 ] - [ INFO ]  点击关闭....
2024-08-04 11:20:11  [ JavaFX Application Thread:26434 ] - [ INFO ]  HelloApplication.stop()
2024-08-04 11:20:11  [ JavaFX Application Thread:26434 ] - [ INFO ]  HelloApplication.stop()
2024-08-04 11:45:48  [ JavaFX Application Thread:0 ] - [ INFO ]  HelloApplication()
2024-08-04 11:45:48  [ JavaFX Application Thread:0 ] - [ INFO ]  HelloApplication()
2024-08-04 11:45:48  [ JavaFX-Launcher:3 ] - [ INFO ]  HelloApplication.init()
2024-08-04 11:45:48  [ JavaFX-Launcher:3 ] - [ INFO ]  HelloApplication.init()
2024-08-04 11:45:53  [ JavaFX Application Thread:4789 ] - [ INFO ]  点击关闭....
2024-08-04 11:45:53  [ JavaFX Application Thread:4789 ] - [ INFO ]  点击关闭....
2024-08-04 11:45:55  [ JavaFX Application Thread:6900 ] - [ INFO ]  HelloApplication.stop()
2024-08-04 11:45:55  [ JavaFX Application Thread:6900 ] - [ INFO ]  HelloApplication.stop()
2024-08-04 11:51:44  [ JavaFX Application Thread:0 ] - [ INFO ]  HelloApplication()
2024-08-04 11:51:44  [ JavaFX Application Thread:0 ] - [ INFO ]  HelloApplication()
2024-08-04 11:51:44  [ JavaFX-Launcher:2 ] - [ INFO ]  HelloApplication.init()
2024-08-04 11:51:44  [ JavaFX-Launcher:2 ] - [ INFO ]  HelloApplication.init()
2024-08-04 11:52:30  [ JavaFX Application Thread:0 ] - [ INFO ]  HelloApplication()
2024-08-04 11:52:30  [ JavaFX Application Thread:0 ] - [ INFO ]  HelloApplication()
2024-08-04 11:52:30  [ JavaFX-Launcher:3 ] - [ INFO ]  HelloApplication.init()
2024-08-04 11:52:30  [ JavaFX-Launcher:3 ] - [ INFO ]  HelloApplication.init()
2024-08-04 11:52:37  [ JavaFX Application Thread:7227 ] - [ INFO ]  点击关闭....
2024-08-04 11:52:37  [ JavaFX Application Thread:7227 ] - [ INFO ]  点击关闭....
2024-08-04 11:52:38  [ JavaFX Application Thread:7973 ] - [ INFO ]  HelloApplication.stop()
2024-08-04 11:52:38  [ JavaFX Application Thread:7973 ] - [ INFO ]  HelloApplication.stop()
2024-08-04 11:53:05  [ JavaFX Application Thread:0 ] - [ INFO ]  HelloApplication()
2024-08-04 11:53:05  [ JavaFX Application Thread:0 ] - [ INFO ]  HelloApplication()
2024-08-04 11:53:05  [ JavaFX-Launcher:3 ] - [ INFO ]  HelloApplication.init()
2024-08-04 11:53:05  [ JavaFX-Launcher:3 ] - [ INFO ]  HelloApplication.init()
2024-08-04 11:54:04  [ JavaFX Application Thread:0 ] - [ INFO ]  HelloApplication()
2024-08-04 11:54:04  [ JavaFX Application Thread:0 ] - [ INFO ]  HelloApplication()
2024-08-04 11:54:04  [ JavaFX-Launcher:2 ] - [ INFO ]  HelloApplication.init()
2024-08-04 11:54:04  [ JavaFX-Launcher:2 ] - [ INFO ]  HelloApplication.init()
2024-08-04 11:56:00  [ JavaFX Application Thread:0 ] - [ INFO ]  HelloApplication()
2024-08-04 11:56:00  [ JavaFX Application Thread:0 ] - [ INFO ]  HelloApplication()
2024-08-04 11:56:00  [ JavaFX-Launcher:2 ] - [ INFO ]  HelloApplication.init()
2024-08-04 11:56:00  [ JavaFX-Launcher:2 ] - [ INFO ]  HelloApplication.init()
2024-08-04 11:56:15  [ JavaFX Application Thread:15577 ] - [ INFO ]  点击关闭....
2024-08-04 11:56:15  [ JavaFX Application Thread:15577 ] - [ INFO ]  点击关闭....
2024-08-04 11:56:16  [ JavaFX Application Thread:16412 ] - [ INFO ]  HelloApplication.stop()
2024-08-04 11:56:16  [ JavaFX Application Thread:16412 ] - [ INFO ]  HelloApplication.stop()
2024-08-04 13:09:34  [ JavaFX Application Thread:0 ] - [ INFO ]  HelloApplication()
2024-08-04 13:09:34  [ JavaFX Application Thread:0 ] - [ INFO ]  HelloApplication()
2024-08-04 13:09:34  [ JavaFX-Launcher:2 ] - [ INFO ]  HelloApplication.init()
2024-08-04 13:09:34  [ JavaFX-Launcher:2 ] - [ INFO ]  HelloApplication.init()
2024-08-04 13:09:50  [ JavaFX Application Thread:16432 ] - [ INFO ]  点击关闭....
2024-08-04 13:09:50  [ JavaFX Application Thread:16432 ] - [ INFO ]  点击关闭....
2024-08-04 13:09:51  [ JavaFX Application Thread:17777 ] - [ INFO ]  HelloApplication.stop()
2024-08-04 13:09:51  [ JavaFX Application Thread:17777 ] - [ INFO ]  HelloApplication.stop()
2024-08-04 13:09:58  [ JavaFX Application Thread:0 ] - [ INFO ]  HelloApplication()
2024-08-04 13:09:58  [ JavaFX Application Thread:0 ] - [ INFO ]  HelloApplication()
2024-08-04 13:09:58  [ JavaFX-Launcher:3 ] - [ INFO ]  HelloApplication.init()
2024-08-04 13:09:58  [ JavaFX-Launcher:3 ] - [ INFO ]  HelloApplication.init()
2024-08-04 13:10:02  [ JavaFX Application Thread:3991 ] - [ INFO ]  保存文件
2024-08-04 13:10:02  [ JavaFX Application Thread:3991 ] - [ INFO ]  保存文件
2024-08-04 13:10:05  [ JavaFX Application Thread:6983 ] - [ INFO ]  保存文件
2024-08-04 13:10:05  [ JavaFX Application Thread:6983 ] - [ INFO ]  保存文件
2024-08-04 13:10:06  [ JavaFX Application Thread:8353 ] - [ INFO ]  点击关闭....
2024-08-04 13:10:06  [ JavaFX Application Thread:8353 ] - [ INFO ]  点击关闭....
2024-08-04 13:10:07  [ JavaFX Application Thread:9195 ] - [ INFO ]  HelloApplication.stop()
2024-08-04 13:10:07  [ JavaFX Application Thread:9195 ] - [ INFO ]  HelloApplication.stop()
2024-08-04 13:10:32  [ JavaFX Application Thread:0 ] - [ INFO ]  HelloApplication()
2024-08-04 13:10:32  [ JavaFX Application Thread:0 ] - [ INFO ]  HelloApplication()
2024-08-04 13:10:32  [ JavaFX-Launcher:3 ] - [ INFO ]  HelloApplication.init()
2024-08-04 13:10:32  [ JavaFX-Launcher:3 ] - [ INFO ]  HelloApplication.init()
2024-08-04 13:10:36  [ JavaFX Application Thread:4269 ] - [ INFO ]  点击关闭....
2024-08-04 13:10:36  [ JavaFX Application Thread:4269 ] - [ INFO ]  点击关闭....
2024-08-04 13:10:37  [ JavaFX Application Thread:5481 ] - [ INFO ]  HelloApplication.stop()
2024-08-04 13:10:37  [ JavaFX Application Thread:5481 ] - [ INFO ]  HelloApplication.stop()
2024-08-04 13:10:46  [ JavaFX Application Thread:0 ] - [ INFO ]  HelloApplication()
2024-08-04 13:10:46  [ JavaFX Application Thread:0 ] - [ INFO ]  HelloApplication()
2024-08-04 13:10:46  [ JavaFX-Launcher:2 ] - [ INFO ]  HelloApplication.init()
2024-08-04 13:10:46  [ JavaFX-Launcher:2 ] - [ INFO ]  HelloApplication.init()
2024-08-04 13:10:50  [ JavaFX Application Thread:3494 ] - [ INFO ]  点击关闭....
2024-08-04 13:10:50  [ JavaFX Application Thread:3494 ] - [ INFO ]  点击关闭....
2024-08-04 13:10:51  [ JavaFX Application Thread:4330 ] - [ INFO ]  HelloApplication.stop()
2024-08-04 13:10:51  [ JavaFX Application Thread:4330 ] - [ INFO ]  HelloApplication.stop()
2024-08-04 13:15:01  [ JavaFX Application Thread:0 ] - [ INFO ]  HelloApplication()
2024-08-04 13:15:01  [ JavaFX Application Thread:0 ] - [ INFO ]  HelloApplication()
2024-08-04 13:15:01  [ JavaFX-Launcher:3 ] - [ INFO ]  HelloApplication.init()
2024-08-04 13:15:01  [ JavaFX-Launcher:3 ] - [ INFO ]  HelloApplication.init()
2024-08-04 13:15:20  [ JavaFX Application Thread:19332 ] - [ INFO ]  点击关闭....
2024-08-04 13:15:20  [ JavaFX Application Thread:19332 ] - [ INFO ]  点击关闭....
2024-08-04 13:15:21  [ JavaFX Application Thread:20542 ] - [ INFO ]  HelloApplication.stop()
2024-08-04 13:15:21  [ JavaFX Application Thread:20542 ] - [ INFO ]  HelloApplication.stop()
2024-08-04 13:15:29  [ JavaFX Application Thread:0 ] - [ INFO ]  HelloApplication()
2024-08-04 13:15:29  [ JavaFX Application Thread:0 ] - [ INFO ]  HelloApplication()
2024-08-04 13:15:29  [ JavaFX-Launcher:3 ] - [ INFO ]  HelloApplication.init()
2024-08-04 13:15:29  [ JavaFX-Launcher:3 ] - [ INFO ]  HelloApplication.init()
2024-08-04 13:15:41  [ JavaFX Application Thread:12022 ] - [ INFO ]  保存文件
2024-08-04 13:15:41  [ JavaFX Application Thread:12022 ] - [ INFO ]  保存文件
2024-08-04 13:15:42  [ JavaFX Application Thread:13534 ] - [ INFO ]  点击关闭....
2024-08-04 13:15:42  [ JavaFX Application Thread:13534 ] - [ INFO ]  点击关闭....
2024-08-04 13:15:43  [ JavaFX Application Thread:14380 ] - [ INFO ]  HelloApplication.stop()
2024-08-04 13:15:43  [ JavaFX Application Thread:14380 ] - [ INFO ]  HelloApplication.stop()
2024-08-04 13:16:00  [ JavaFX Application Thread:0 ] - [ INFO ]  HelloApplication()
2024-08-04 13:16:00  [ JavaFX Application Thread:0 ] - [ INFO ]  HelloApplication()
2024-08-04 13:16:00  [ JavaFX-Launcher:2 ] - [ INFO ]  HelloApplication.init()
2024-08-04 13:16:00  [ JavaFX-Launcher:2 ] - [ INFO ]  HelloApplication.init()
2024-08-04 13:16:11  [ JavaFX Application Thread:11021 ] - [ INFO ]  点击关闭....
2024-08-04 13:16:11  [ JavaFX Application Thread:11021 ] - [ INFO ]  点击关闭....
2024-08-04 13:16:12  [ JavaFX Application Thread:12059 ] - [ INFO ]  HelloApplication.stop()
2024-08-04 13:16:12  [ JavaFX Application Thread:12059 ] - [ INFO ]  HelloApplication.stop()
2024-08-04 13:17:59  [ JavaFX Application Thread:0 ] - [ INFO ]  HelloApplication()
2024-08-04 13:17:59  [ JavaFX Application Thread:0 ] - [ INFO ]  HelloApplication()
2024-08-04 13:17:59  [ JavaFX-Launcher:4 ] - [ INFO ]  HelloApplication.init()
2024-08-04 13:17:59  [ JavaFX-Launcher:4 ] - [ INFO ]  HelloApplication.init()
2024-08-04 13:18:01  [ JavaFX Application Thread:2316 ] - [ INFO ]  canvasOnMousePressed
2024-08-04 13:18:01  [ JavaFX Application Thread:2316 ] - [ INFO ]  canvasOnMousePressed
2024-08-04 13:18:01  [ JavaFX Application Thread:2362 ] - [ INFO ]  canvasOnMouseDragged
2024-08-04 13:18:01  [ JavaFX Application Thread:2362 ] - [ INFO ]  canvasOnMouseDragged
2024-08-04 13:18:01  [ JavaFX Application Thread:2384 ] - [ INFO ]  canvasOnMouseDragged
2024-08-04 13:18:01  [ JavaFX Application Thread:2384 ] - [ INFO ]  canvasOnMouseDragged
2024-08-04 13:18:01  [ JavaFX Application Thread:2392 ] - [ INFO ]  canvasOnMouseDragged
2024-08-04 13:18:01  [ JavaFX Application Thread:2392 ] - [ INFO ]  canvasOnMouseDragged
2024-08-04 13:18:01  [ JavaFX Application Thread:2399 ] - [ INFO ]  canvasOnMouseDragged
2024-08-04 13:18:01  [ JavaFX Application Thread:2399 ] - [ INFO ]  canvasOnMouseDragged
2024-08-04 13:18:01  [ JavaFX Application Thread:2407 ] - [ INFO ]  canvasOnMouseDragged
2024-08-04 13:18:01  [ JavaFX Application Thread:2407 ] - [ INFO ]  canvasOnMouseDragged
2024-08-04 13:18:01  [ JavaFX Application Thread:2414 ] - [ INFO ]  canvasOnMouseDragged
2024-08-04 13:18:01  [ JavaFX Application Thread:2414 ] - [ INFO ]  canvasOnMouseDragged
2024-08-04 13:18:01  [ JavaFX Application Thread:2422 ] - [ INFO ]  canvasOnMouseDragged
2024-08-04 13:18:01  [ JavaFX Application Thread:2422 ] - [ INFO ]  canvasOnMouseDragged
2024-08-04 13:18:01  [ JavaFX Application Thread:2429 ] - [ INFO ]  canvasOnMouseDragged
2024-08-04 13:18:01  [ JavaFX Application Thread:2429 ] - [ INFO ]  canvasOnMouseDragged
2024-08-04 13:18:01  [ JavaFX Application Thread:2437 ] - [ INFO ]  canvasOnMouseDragged
2024-08-04 13:18:01  [ JavaFX Application Thread:2437 ] - [ INFO ]  canvasOnMouseDragged
2024-08-04 13:18:01  [ JavaFX Application Thread:2444 ] - [ INFO ]  canvasOnMouseDragged
2024-08-04 13:18:01  [ JavaFX Application Thread:2444 ] - [ INFO ]  canvasOnMouseDragged
2024-08-04 13:18:01  [ JavaFX Application Thread:2452 ] - [ INFO ]  canvasOnMouseDragged
2024-08-04 13:18:01  [ JavaFX Application Thread:2452 ] - [ INFO ]  canvasOnMouseDragged
2024-08-04 13:18:01  [ JavaFX Application Thread:2459 ] - [ INFO ]  canvasOnMouseDragged
2024-08-04 13:18:01  [ JavaFX Application Thread:2459 ] - [ INFO ]  canvasOnMouseDragged
2024-08-04 13:18:01  [ JavaFX Application Thread:2467 ] - [ INFO ]  canvasOnMouseDragged
2024-08-04 13:18:01  [ JavaFX Application Thread:2467 ] - [ INFO ]  canvasOnMouseDragged
2024-08-04 13:18:01  [ JavaFX Application Thread:2474 ] - [ INFO ]  canvasOnMouseDragged
2024-08-04 13:18:01  [ JavaFX Application Thread:2474 ] - [ INFO ]  canvasOnMouseDragged
2024-08-04 13:18:01  [ JavaFX Application Thread:2481 ] - [ INFO ]  canvasOnMouseDragged
2024-08-04 13:18:01  [ JavaFX Application Thread:2481 ] - [ INFO ]  canvasOnMouseDragged
2024-08-04 13:18:01  [ JavaFX Application Thread:2489 ] - [ INFO ]  canvasOnMouseDragged
2024-08-04 13:18:01  [ JavaFX Application Thread:2489 ] - [ INFO ]  canvasOnMouseDragged
2024-08-04 13:18:01  [ JavaFX Application Thread:2497 ] - [ INFO ]  canvasOnMouseDragged
2024-08-04 13:18:01  [ JavaFX Application Thread:2497 ] - [ INFO ]  canvasOnMouseDragged
2024-08-04 13:18:01  [ JavaFX Application Thread:2504 ] - [ INFO ]  canvasOnMouseDragged
2024-08-04 13:18:01  [ JavaFX Application Thread:2504 ] - [ INFO ]  canvasOnMouseDragged
2024-08-04 13:18:01  [ JavaFX Application Thread:2512 ] - [ INFO ]  canvasOnMouseDragged
2024-08-04 13:18:01  [ JavaFX Application Thread:2512 ] - [ INFO ]  canvasOnMouseDragged
2024-08-04 13:18:01  [ JavaFX Application Thread:2520 ] - [ INFO ]  canvasOnMouseDragged
2024-08-04 13:18:01  [ JavaFX Application Thread:2520 ] - [ INFO ]  canvasOnMouseDragged
2024-08-04 13:18:01  [ JavaFX Application Thread:2528 ] - [ INFO ]  canvasOnMouseDragged
2024-08-04 13:18:01  [ JavaFX Application Thread:2528 ] - [ INFO ]  canvasOnMouseDragged
2024-08-04 13:18:01  [ JavaFX Application Thread:2534 ] - [ INFO ]  canvasOnMouseDragged
2024-08-04 13:18:01  [ JavaFX Application Thread:2534 ] - [ INFO ]  canvasOnMouseDragged
2024-08-04 13:18:02  [ JavaFX Application Thread:2543 ] - [ INFO ]  canvasOnMouseDragged
2024-08-04 13:18:02  [ JavaFX Application Thread:2543 ] - [ INFO ]  canvasOnMouseDragged
2024-08-04 13:18:02  [ JavaFX Application Thread:2550 ] - [ INFO ]  canvasOnMouseDragged
2024-08-04 13:18:02  [ JavaFX Application Thread:2550 ] - [ INFO ]  canvasOnMouseDragged
2024-08-04 13:18:02  [ JavaFX Application Thread:2557 ] - [ INFO ]  canvasOnMouseDragged
2024-08-04 13:18:02  [ JavaFX Application Thread:2557 ] - [ INFO ]  canvasOnMouseDragged
2024-08-04 13:18:02  [ JavaFX Application Thread:2565 ] - [ INFO ]  canvasOnMouseDragged
2024-08-04 13:18:02  [ JavaFX Application Thread:2565 ] - [ INFO ]  canvasOnMouseDragged
2024-08-04 13:18:02  [ JavaFX Application Thread:2572 ] - [ INFO ]  canvasOnMouseDragged
2024-08-04 13:18:02  [ JavaFX Application Thread:2572 ] - [ INFO ]  canvasOnMouseDragged
2024-08-04 13:18:02  [ JavaFX Application Thread:2579 ] - [ INFO ]  canvasOnMouseDragged
2024-08-04 13:18:02  [ JavaFX Application Thread:2579 ] - [ INFO ]  canvasOnMouseDragged
2024-08-04 13:18:02  [ JavaFX Application Thread:2588 ] - [ INFO ]  canvasOnMouseDragged
2024-08-04 13:18:02  [ JavaFX Application Thread:2588 ] - [ INFO ]  canvasOnMouseDragged
2024-08-04 13:18:02  [ JavaFX Application Thread:2594 ] - [ INFO ]  canvasOnMouseDragged
2024-08-04 13:18:02  [ JavaFX Application Thread:2594 ] - [ INFO ]  canvasOnMouseDragged
2024-08-04 13:18:02  [ JavaFX Application Thread:2603 ] - [ INFO ]  canvasOnMouseDragged
2024-08-04 13:18:02  [ JavaFX Application Thread:2603 ] - [ INFO ]  canvasOnMouseDragged
2024-08-04 13:18:02  [ JavaFX Application Thread:2610 ] - [ INFO ]  canvasOnMouseDragged
2024-08-04 13:18:02  [ JavaFX Application Thread:2610 ] - [ INFO ]  canvasOnMouseDragged
2024-08-04 13:18:02  [ JavaFX Application Thread:2617 ] - [ INFO ]  canvasOnMouseDragged
2024-08-04 13:18:02  [ JavaFX Application Thread:2617 ] - [ INFO ]  canvasOnMouseDragged
2024-08-04 13:18:02  [ JavaFX Application Thread:2625 ] - [ INFO ]  canvasOnMouseDragged
2024-08-04 13:18:02  [ JavaFX Application Thread:2625 ] - [ INFO ]  canvasOnMouseDragged
2024-08-04 13:18:02  [ JavaFX Application Thread:2632 ] - [ INFO ]  canvasOnMouseDragged
2024-08-04 13:18:02  [ JavaFX Application Thread:2632 ] - [ INFO ]  canvasOnMouseDragged
2024-08-04 13:18:02  [ JavaFX Application Thread:2639 ] - [ INFO ]  canvasOnMouseDragged
2024-08-04 13:18:02  [ JavaFX Application Thread:2639 ] - [ INFO ]  canvasOnMouseDragged
2024-08-04 13:18:02  [ JavaFX Application Thread:2647 ] - [ INFO ]  canvasOnMouseDragged
2024-08-04 13:18:02  [ JavaFX Application Thread:2647 ] - [ INFO ]  canvasOnMouseDragged
2024-08-04 13:18:02  [ JavaFX Application Thread:2654 ] - [ INFO ]  canvasOnMouseDragged
2024-08-04 13:18:02  [ JavaFX Application Thread:2654 ] - [ INFO ]  canvasOnMouseDragged
2024-08-04 13:18:02  [ JavaFX Application Thread:2661 ] - [ INFO ]  canvasOnMouseDragged
2024-08-04 13:18:02  [ JavaFX Application Thread:2661 ] - [ INFO ]  canvasOnMouseDragged
2024-08-04 13:18:02  [ JavaFX Application Thread:2670 ] - [ INFO ]  canvasOnMouseDragged
2024-08-04 13:18:02  [ JavaFX Application Thread:2670 ] - [ INFO ]  canvasOnMouseDragged
2024-08-04 13:18:02  [ JavaFX Application Thread:2677 ] - [ INFO ]  canvasOnMouseDragged
2024-08-04 13:18:02  [ JavaFX Application Thread:2677 ] - [ INFO ]  canvasOnMouseDragged
2024-08-04 13:18:02  [ JavaFX Application Thread:2684 ] - [ INFO ]  canvasOnMouseDragged
2024-08-04 13:18:02  [ JavaFX Application Thread:2684 ] - [ INFO ]  canvasOnMouseDragged
2024-08-04 13:18:02  [ JavaFX Application Thread:2692 ] - [ INFO ]  canvasOnMouseDragged
2024-08-04 13:18:02  [ JavaFX Application Thread:2692 ] - [ INFO ]  canvasOnMouseDragged
2024-08-04 13:18:02  [ JavaFX Application Thread:2698 ] - [ INFO ]  canvasOnMouseDragged
2024-08-04 13:18:02  [ JavaFX Application Thread:2698 ] - [ INFO ]  canvasOnMouseDragged
2024-08-04 13:18:02  [ JavaFX Application Thread:2707 ] - [ INFO ]  canvasOnMouseDragged
2024-08-04 13:18:02  [ JavaFX Application Thread:2707 ] - [ INFO ]  canvasOnMouseDragged
2024-08-04 13:18:02  [ JavaFX Application Thread:2714 ] - [ INFO ]  canvasOnMouseDragged
2024-08-04 13:18:02  [ JavaFX Application Thread:2714 ] - [ INFO ]  canvasOnMouseDragged
2024-08-04 13:18:02  [ JavaFX Application Thread:2723 ] - [ INFO ]  canvasOnMouseDragged
2024-08-04 13:18:02  [ JavaFX Application Thread:2723 ] - [ INFO ]  canvasOnMouseDragged
2024-08-04 13:18:02  [ JavaFX Application Thread:2730 ] - [ INFO ]  canvasOnMouseDragged
2024-08-04 13:18:02  [ JavaFX Application Thread:2730 ] - [ INFO ]  canvasOnMouseDragged
2024-08-04 13:18:02  [ JavaFX Application Thread:2737 ] - [ INFO ]  canvasOnMouseDragged
2024-08-04 13:18:02  [ JavaFX Application Thread:2737 ] - [ INFO ]  canvasOnMouseDragged
2024-08-04 13:18:02  [ JavaFX Application Thread:2746 ] - [ INFO ]  canvasOnMouseDragged
2024-08-04 13:18:02  [ JavaFX Application Thread:2746 ] - [ INFO ]  canvasOnMouseDragged
2024-08-04 13:18:02  [ JavaFX Application Thread:2752 ] - [ INFO ]  canvasOnMouseDragged
2024-08-04 13:18:02  [ JavaFX Application Thread:2752 ] - [ INFO ]  canvasOnMouseDragged
2024-08-04 13:18:02  [ JavaFX Application Thread:2759 ] - [ INFO ]  canvasOnMouseDragged
2024-08-04 13:18:02  [ JavaFX Application Thread:2759 ] - [ INFO ]  canvasOnMouseDragged
2024-08-04 13:18:02  [ JavaFX Application Thread:2768 ] - [ INFO ]  canvasOnMouseDragged
2024-08-04 13:18:02  [ JavaFX Application Thread:2768 ] - [ INFO ]  canvasOnMouseDragged
2024-08-04 13:18:02  [ JavaFX Application Thread:2857 ] - [ INFO ]  canvasOnMouseDragged
2024-08-04 13:18:02  [ JavaFX Application Thread:2857 ] - [ INFO ]  canvasOnMouseDragged
2024-08-04 13:18:02  [ JavaFX Application Thread:2864 ] - [ INFO ]  canvasOnMouseDragged
2024-08-04 13:18:02  [ JavaFX Application Thread:2864 ] - [ INFO ]  canvasOnMouseDragged
2024-08-04 13:18:02  [ JavaFX Application Thread:2872 ] - [ INFO ]  canvasOnMouseDragged
2024-08-04 13:18:02  [ JavaFX Application Thread:2872 ] - [ INFO ]  canvasOnMouseDragged
2024-08-04 13:18:02  [ JavaFX Application Thread:2878 ] - [ INFO ]  canvasOnMouseDragged
2024-08-04 13:18:02  [ JavaFX Application Thread:2878 ] - [ INFO ]  canvasOnMouseDragged
2024-08-04 13:18:02  [ JavaFX Application Thread:2887 ] - [ INFO ]  canvasOnMouseDragged
2024-08-04 13:18:02  [ JavaFX Application Thread:2887 ] - [ INFO ]  canvasOnMouseDragged
2024-08-04 13:18:02  [ JavaFX Application Thread:2894 ] - [ INFO ]  canvasOnMouseDragged
2024-08-04 13:18:02  [ JavaFX Application Thread:2894 ] - [ INFO ]  canvasOnMouseDragged
2024-08-04 13:18:02  [ JavaFX Application Thread:2902 ] - [ INFO ]  canvasOnMouseDragged
2024-08-04 13:18:02  [ JavaFX Application Thread:2902 ] - [ INFO ]  canvasOnMouseDragged
2024-08-04 13:18:02  [ JavaFX Application Thread:2910 ] - [ INFO ]  canvasOnMouseDragged
2024-08-04 13:18:02  [ JavaFX Application Thread:2910 ] - [ INFO ]  canvasOnMouseDragged
2024-08-04 13:18:02  [ JavaFX Application Thread:2917 ] - [ INFO ]  canvasOnMouseDragged
2024-08-04 13:18:02  [ JavaFX Application Thread:2917 ] - [ INFO ]  canvasOnMouseDragged
2024-08-04 13:18:08  [ JavaFX Application Thread:8932 ] - [ INFO ]  点击关闭....
2024-08-04 13:18:08  [ JavaFX Application Thread:8932 ] - [ INFO ]  点击关闭....
2024-08-04 13:18:09  [ JavaFX Application Thread:10294 ] - [ INFO ]  HelloApplication.stop()
2024-08-04 13:18:09  [ JavaFX Application Thread:10294 ] - [ INFO ]  HelloApplication.stop()
2024-08-04 13:19:48  [ JavaFX Application Thread:0 ] - [ INFO ]  HelloApplication()
2024-08-04 13:19:48  [ JavaFX Application Thread:0 ] - [ INFO ]  HelloApplication()
2024-08-04 13:19:48  [ JavaFX-Launcher:2 ] - [ INFO ]  HelloApplication.init()
2024-08-04 13:19:48  [ JavaFX-Launcher:2 ] - [ INFO ]  HelloApplication.init()
2024-08-04 13:20:10  [ JavaFX Application Thread:21659 ] - [ INFO ]  点击关闭....
2024-08-04 13:20:10  [ JavaFX Application Thread:21659 ] - [ INFO ]  点击关闭....
2024-08-04 13:20:11  [ JavaFX Application Thread:22600 ] - [ INFO ]  HelloApplication.stop()
2024-08-04 13:20:11  [ JavaFX Application Thread:22600 ] - [ INFO ]  HelloApplication.stop()
2024-08-04 13:21:47  [ JavaFX Application Thread:0 ] - [ INFO ]  HelloApplication()
2024-08-04 13:21:47  [ JavaFX Application Thread:0 ] - [ INFO ]  HelloApplication()
2024-08-04 13:21:47  [ JavaFX-Launcher:2 ] - [ INFO ]  HelloApplication.init()
2024-08-04 13:21:47  [ JavaFX-Launcher:2 ] - [ INFO ]  HelloApplication.init()
2024-08-04 13:21:51  [ JavaFX Application Thread:3194 ] - [ INFO ]  点击关闭....
2024-08-04 13:21:51  [ JavaFX Application Thread:3194 ] - [ INFO ]  点击关闭....
2024-08-04 13:21:51  [ JavaFX Application Thread:3763 ] - [ INFO ]  HelloApplication.stop()
2024-08-04 13:21:51  [ JavaFX Application Thread:3763 ] - [ INFO ]  HelloApplication.stop()
2024-08-04 13:21:55  [ JavaFX Application Thread:0 ] - [ INFO ]  HelloApplication()
2024-08-04 13:21:55  [ JavaFX Application Thread:0 ] - [ INFO ]  HelloApplication()
2024-08-04 13:21:55  [ JavaFX-Launcher:2 ] - [ INFO ]  HelloApplication.init()
2024-08-04 13:21:55  [ JavaFX-Launcher:2 ] - [ INFO ]  HelloApplication.init()
2024-08-04 13:22:12  [ JavaFX Application Thread:17174 ] - [ INFO ]  点击关闭....
2024-08-04 13:22:12  [ JavaFX Application Thread:17174 ] - [ INFO ]  点击关闭....
2024-08-04 13:22:13  [ JavaFX Application Thread:18175 ] - [ INFO ]  HelloApplication.stop()
2024-08-04 13:22:13  [ JavaFX Application Thread:18175 ] - [ INFO ]  HelloApplication.stop()
2024-08-04 13:22:44  [ JavaFX Application Thread:0 ] - [ INFO ]  HelloApplication()
2024-08-04 13:22:44  [ JavaFX Application Thread:0 ] - [ INFO ]  HelloApplication()
2024-08-04 13:22:44  [ JavaFX-Launcher:3 ] - [ INFO ]  HelloApplication.init()
2024-08-04 13:22:44  [ JavaFX-Launcher:3 ] - [ INFO ]  HelloApplication.init()
2024-08-04 13:22:59  [ JavaFX Application Thread:15254 ] - [ INFO ]  点击关闭....
2024-08-04 13:22:59  [ JavaFX Application Thread:15254 ] - [ INFO ]  点击关闭....
2024-08-04 13:23:00  [ JavaFX Application Thread:15920 ] - [ INFO ]  HelloApplication.stop()
2024-08-04 13:23:00  [ JavaFX Application Thread:15920 ] - [ INFO ]  HelloApplication.stop()
2024-08-04 13:23:10  [ JavaFX Application Thread:0 ] - [ INFO ]  HelloApplication()
2024-08-04 13:23:10  [ JavaFX Application Thread:0 ] - [ INFO ]  HelloApplication()
2024-08-04 13:23:10  [ JavaFX-Launcher:3 ] - [ INFO ]  HelloApplication.init()
2024-08-04 13:23:10  [ JavaFX-Launcher:3 ] - [ INFO ]  HelloApplication.init()
2024-08-04 13:23:21  [ JavaFX Application Thread:11387 ] - [ INFO ]  点击关闭....
2024-08-04 13:23:21  [ JavaFX Application Thread:11387 ] - [ INFO ]  点击关闭....
2024-08-04 13:23:22  [ JavaFX Application Thread:12538 ] - [ INFO ]  HelloApplication.stop()
2024-08-04 13:23:22  [ JavaFX Application Thread:12538 ] - [ INFO ]  HelloApplication.stop()
2024-08-04 13:25:56  [ JavaFX Application Thread:0 ] - [ INFO ]  HelloApplication()
2024-08-04 13:25:56  [ JavaFX Application Thread:0 ] - [ INFO ]  HelloApplication()
2024-08-04 13:25:56  [ JavaFX-Launcher:1 ] - [ INFO ]  HelloApplication.init()
2024-08-04 13:25:56  [ JavaFX-Launcher:1 ] - [ INFO ]  HelloApplication.init()
2024-08-04 13:26:01  [ JavaFX Application Thread:5204 ] - [ INFO ]  点击关闭....
2024-08-04 13:26:01  [ JavaFX Application Thread:5204 ] - [ INFO ]  点击关闭....
2024-08-04 13:26:03  [ JavaFX Application Thread:7113 ] - [ INFO ]  HelloApplication.stop()
2024-08-04 13:26:03  [ JavaFX Application Thread:7113 ] - [ INFO ]  HelloApplication.stop()
2024-08-04 13:37:37  [ JavaFX Application Thread:0 ] - [ INFO ]  HelloApplication()
2024-08-04 13:37:37  [ JavaFX Application Thread:0 ] - [ INFO ]  HelloApplication()
2024-08-04 13:37:37  [ JavaFX-Launcher:3 ] - [ INFO ]  HelloApplication.init()
2024-08-04 13:37:37  [ JavaFX-Launcher:3 ] - [ INFO ]  HelloApplication.init()
2024-08-04 13:37:42  [ JavaFX Application Thread:5539 ] - [ INFO ]  保存文件
2024-08-04 13:37:42  [ JavaFX Application Thread:5539 ] - [ INFO ]  保存文件
2024-08-04 13:38:11  [ JavaFX Application Thread:0 ] - [ INFO ]  HelloApplication()
2024-08-04 13:38:11  [ JavaFX Application Thread:0 ] - [ INFO ]  HelloApplication()
2024-08-04 13:38:11  [ JavaFX-Launcher:3 ] - [ INFO ]  HelloApplication.init()
2024-08-04 13:38:11  [ JavaFX-Launcher:3 ] - [ INFO ]  HelloApplication.init()
2024-08-04 13:38:14  [ JavaFX Application Thread:3307 ] - [ INFO ]  保存文件
2024-08-04 13:38:14  [ JavaFX Application Thread:3307 ] - [ INFO ]  保存文件
2024-08-04 13:38:23  [ JavaFX Application Thread:12013 ] - [ INFO ]  保存文件
2024-08-04 13:38:23  [ JavaFX Application Thread:12013 ] - [ INFO ]  保存文件
2024-08-04 13:39:41  [ JavaFX Application Thread:0 ] - [ INFO ]  HelloApplication()
2024-08-04 13:39:41  [ JavaFX Application Thread:0 ] - [ INFO ]  HelloApplication()
2024-08-04 13:39:41  [ JavaFX-Launcher:2 ] - [ INFO ]  HelloApplication.init()
2024-08-04 13:39:41  [ JavaFX-Launcher:2 ] - [ INFO ]  HelloApplication.init()
2024-08-04 13:39:45  [ JavaFX Application Thread:3959 ] - [ INFO ]  保存文件
2024-08-04 13:39:45  [ JavaFX Application Thread:3959 ] - [ INFO ]  保存文件
2024-08-04 13:40:50  [ JavaFX Application Thread:0 ] - [ INFO ]  HelloApplication()
2024-08-04 13:40:50  [ JavaFX Application Thread:0 ] - [ INFO ]  HelloApplication()
2024-08-04 13:40:50  [ JavaFX-Launcher:2 ] - [ INFO ]  HelloApplication.init()
2024-08-04 13:40:50  [ JavaFX-Launcher:2 ] - [ INFO ]  HelloApplication.init()
2024-08-04 13:40:53  [ JavaFX Application Thread:3611 ] - [ INFO ]  保存文件
2024-08-04 13:40:53  [ JavaFX Application Thread:3611 ] - [ INFO ]  保存文件
